  [1m[36m (2.7ms)[0m  [1mCREATE TABLE "schema_migrations" ("version" varchar NOT NULL) [0m
  [1m[35m (0.1ms)[0m  select sqlite_version(*)
  [1m[36m (1.7ms)[0m  [1mCREATE UNIQUE INDEX "unique_schema_migrations" ON "schema_migrations" ("version")[0m
  [1m[35mActiveRecord::SchemaMigration Load (0.1ms)[0m  SELECT "schema_migrations".* FROM "schema_migrations"
Migrating to CreateUsers (20150807020749)
  [1m[36m (0.1ms)[0m  [1mbegin transaction[0m
  [1m[35m (0.5ms)[0m  CREATE TABLE "users" ("id" INTEGER PRIMARY KEY AUTOINCREMENT NOT NULL, "name" varchar, "email" varchar, "password_digest" varchar, "created_at" datetime NOT NULL, "updated_at" datetime NOT NULL) 
  [1m[36mSQL (0.2ms)[0m  [1mINSERT INTO "schema_migrations" ("version") VALUES (?)[0m  [["version", "20150807020749"]]
  [1m[35m (2.2ms)[0m  commit transaction
  [1m[36mActiveRecord::SchemaMigration Load (0.1ms)[0m  [1mSELECT "schema_migrations".* FROM "schema_migrations"[0m
  [1m[36m (0.2ms)[0m  [1mbegin transaction[0m
  [1m[35mSQL (0.8ms)[0m  INSERT INTO "users" ("name", "email", "password_digest", "created_at", "updated_at") VALUES (?, ?, ?, ?, ?)  [["name", "foobar"], ["email", "foo@bar.com"], ["password_digest", "$2a$10$9jQjYcl7JkLoVGFjN9RkcOPFDSfjf8ikAuIM.lRkUHYqb.lTR7hhG"], ["created_at", "2015-08-07 02:09:28.635648"], ["updated_at", "2015-08-07 02:09:28.635648"]]
  [1m[36m (2.5ms)[0m  [1mcommit transaction[0m
  [1m[35mUser Load (0.4ms)[0m  SELECT "users".* FROM "users"
  [1m[36mUser Load (0.3ms)[0m  [1mSELECT  "users".* FROM "users"  ORDER BY "users"."id" ASC LIMIT 1[0m
  [1m[35mUser Load (0.3ms)[0m  SELECT  "users".* FROM "users"  ORDER BY "users"."id" ASC LIMIT 1


Started GET "/" for 127.0.0.1 at 2015-08-06 20:26:24 -0700
  [1m[36mActiveRecord::SchemaMigration Load (0.2ms)[0m  [1mSELECT "schema_migrations".* FROM "schema_migrations"[0m
Processing by Rails::WelcomeController#index as HTML
  Rendered /Users/Home/.rbenv/versions/2.2.0/lib/ruby/gems/2.2.0/gems/railties-4.2.0/lib/rails/templates/rails/welcome/index.html.erb (2.9ms)
Completed 200 OK in 112ms (Views: 82.8ms | ActiveRecord: 0.0ms)


Started GET "/new" for 127.0.0.1 at 2015-08-06 20:26:45 -0700

ActionController::RoutingError (No route matches [GET] "/new"):
  actionpack (4.2.0) lib/action_dispatch/middleware/debug_exceptions.rb:21:in `call'
  web-console (2.2.1) lib/web_console/middleware.rb:39:in `call'
  actionpack (4.2.0) lib/action_dispatch/middleware/show_exceptions.rb:30:in `call'
  railties (4.2.0) lib/rails/rack/logger.rb:38:in `call_app'
  railties (4.2.0) lib/rails/rack/logger.rb:20:in `block in call'
  activesupport (4.2.0) lib/active_support/tagged_logging.rb:68:in `block in tagged'
  activesupport (4.2.0) lib/active_support/tagged_logging.rb:26:in `tagged'
  activesupport (4.2.0) lib/active_support/tagged_logging.rb:68:in `tagged'
  railties (4.2.0) lib/rails/rack/logger.rb:20:in `call'
  actionpack (4.2.0) lib/action_dispatch/middleware/request_id.rb:21:in `call'
  rack (1.6.4) lib/rack/methodoverride.rb:22:in `call'
  rack (1.6.4) lib/rack/runtime.rb:18:in `call'
  activesupport (4.2.0) lib/active_support/cache/strategy/local_cache_middleware.rb:28:in `call'
  rack (1.6.4) lib/rack/lock.rb:17:in `call'
  actionpack (4.2.0) lib/action_dispatch/middleware/static.rb:113:in `call'
  rack (1.6.4) lib/rack/sendfile.rb:113:in `call'
  railties (4.2.0) lib/rails/engine.rb:518:in `call'
  railties (4.2.0) lib/rails/application.rb:164:in `call'
  rack (1.6.4) lib/rack/lock.rb:17:in `call'
  rack (1.6.4) lib/rack/content_length.rb:15:in `call'
  rack (1.6.4) lib/rack/handler/webrick.rb:88:in `service'
  /Users/Home/.rbenv/versions/2.2.0/lib/ruby/2.2.0/webrick/httpserver.rb:138:in `service'
  /Users/Home/.rbenv/versions/2.2.0/lib/ruby/2.2.0/webrick/httpserver.rb:94:in `run'
  /Users/Home/.rbenv/versions/2.2.0/lib/ruby/2.2.0/webrick/server.rb:294:in `block in start_thread'


  Rendered /Users/Home/.rbenv/versions/2.2.0/lib/ruby/gems/2.2.0/gems/actionpack-4.2.0/lib/action_dispatch/middleware/templates/rescues/_trace.html.erb (4.1ms)
  Rendered /Users/Home/.rbenv/versions/2.2.0/lib/ruby/gems/2.2.0/gems/actionpack-4.2.0/lib/action_dispatch/middleware/templates/routes/_route.html.erb (1.7ms)
  Rendered /Users/Home/.rbenv/versions/2.2.0/lib/ruby/gems/2.2.0/gems/actionpack-4.2.0/lib/action_dispatch/middleware/templates/routes/_table.html.erb (25.8ms)
  Rendered /Users/Home/.rbenv/versions/2.2.0/lib/ruby/gems/2.2.0/gems/actionpack-4.2.0/lib/action_dispatch/middleware/templates/rescues/_request_and_response.html.erb (2.7ms)
  Rendered /Users/Home/.rbenv/versions/2.2.0/lib/ruby/gems/2.2.0/gems/actionpack-4.2.0/lib/action_dispatch/middleware/templates/rescues/routing_error.html.erb within rescues/layout (250.3ms)
  Rendered /Users/Home/.rbenv/versions/2.2.0/lib/ruby/gems/2.2.0/gems/web-console-2.2.1/lib/web_console/templates/_markup.html.erb (0.7ms)
  Rendered /Users/Home/.rbenv/versions/2.2.0/lib/ruby/gems/2.2.0/gems/web-console-2.2.1/lib/web_console/templates/_inner_console_markup.html.erb within layouts/inlined_string (0.6ms)
  Rendered /Users/Home/.rbenv/versions/2.2.0/lib/ruby/gems/2.2.0/gems/web-console-2.2.1/lib/web_console/templates/_prompt_box_markup.html.erb within layouts/inlined_string (0.5ms)
  Rendered /Users/Home/.rbenv/versions/2.2.0/lib/ruby/gems/2.2.0/gems/web-console-2.2.1/lib/web_console/templates/style.css.erb within layouts/inlined_string (0.6ms)
  Rendered /Users/Home/.rbenv/versions/2.2.0/lib/ruby/gems/2.2.0/gems/web-console-2.2.1/lib/web_console/templates/console.js.erb within layouts/javascript (128.1ms)
  Rendered /Users/Home/.rbenv/versions/2.2.0/lib/ruby/gems/2.2.0/gems/web-console-2.2.1/lib/web_console/templates/main.js.erb within layouts/javascript (0.7ms)
  Rendered /Users/Home/.rbenv/versions/2.2.0/lib/ruby/gems/2.2.0/gems/web-console-2.2.1/lib/web_console/templates/error_page.js.erb within layouts/javascript (0.7ms)
  Rendered /Users/Home/.rbenv/versions/2.2.0/lib/ruby/gems/2.2.0/gems/web-console-2.2.1/lib/web_console/templates/index.html.erb (417.9ms)


Started GET "/signup" for 127.0.0.1 at 2015-08-06 20:26:52 -0700

ActionController::RoutingError (uninitialized constant UsersController):
  activesupport (4.2.0) lib/active_support/inflector/methods.rb:261:in `const_get'
  activesupport (4.2.0) lib/active_support/inflector/methods.rb:261:in `block in constantize'
  activesupport (4.2.0) lib/active_support/inflector/methods.rb:259:in `each'
  activesupport (4.2.0) lib/active_support/inflector/methods.rb:259:in `inject'
  activesupport (4.2.0) lib/active_support/inflector/methods.rb:259:in `constantize'
  actionpack (4.2.0) lib/action_dispatch/routing/route_set.rb:69:in `controller_reference'
  actionpack (4.2.0) lib/action_dispatch/routing/route_set.rb:59:in `controller'
  actionpack (4.2.0) lib/action_dispatch/routing/route_set.rb:38:in `serve'
  actionpack (4.2.0) lib/action_dispatch/journey/router.rb:43:in `block in serve'
  actionpack (4.2.0) lib/action_dispatch/journey/router.rb:30:in `each'
  actionpack (4.2.0) lib/action_dispatch/journey/router.rb:30:in `serve'
  actionpack (4.2.0) lib/action_dispatch/routing/route_set.rb:802:in `call'
  rack (1.6.4) lib/rack/etag.rb:24:in `call'
  rack (1.6.4) lib/rack/conditionalget.rb:25:in `call'
  rack (1.6.4) lib/rack/head.rb:13:in `call'
  actionpack (4.2.0) lib/action_dispatch/middleware/params_parser.rb:27:in `call'
  actionpack (4.2.0) lib/action_dispatch/middleware/flash.rb:260:in `call'
  rack (1.6.4) lib/rack/session/abstract/id.rb:225:in `context'
  rack (1.6.4) lib/rack/session/abstract/id.rb:220:in `call'
  actionpack (4.2.0) lib/action_dispatch/middleware/cookies.rb:560:in `call'
  activerecord (4.2.0) lib/active_record/query_cache.rb:36:in `call'
  activerecord (4.2.0) lib/active_record/connection_adapters/abstract/connection_pool.rb:647:in `call'
  activerecord (4.2.0) lib/active_record/migration.rb:378:in `call'
  actionpack (4.2.0) lib/action_dispatch/middleware/callbacks.rb:29:in `block in call'
  activesupport (4.2.0) lib/active_support/callbacks.rb:88:in `call'
  activesupport (4.2.0) lib/active_support/callbacks.rb:88:in `_run_callbacks'
  activesupport (4.2.0) lib/active_support/callbacks.rb:734:in `_run_call_callbacks'
  activesupport (4.2.0) lib/active_support/callbacks.rb:81:in `run_callbacks'
  actionpack (4.2.0) lib/action_dispatch/middleware/callbacks.rb:27:in `call'
  actionpack (4.2.0) lib/action_dispatch/middleware/reloader.rb:73:in `call'
  actionpack (4.2.0) lib/action_dispatch/middleware/remote_ip.rb:78:in `call'
  actionpack (4.2.0) lib/action_dispatch/middleware/debug_exceptions.rb:17:in `call'
  web-console (2.2.1) lib/web_console/middleware.rb:39:in `call'
  actionpack (4.2.0) lib/action_dispatch/middleware/show_exceptions.rb:30:in `call'
  railties (4.2.0) lib/rails/rack/logger.rb:38:in `call_app'
  railties (4.2.0) lib/rails/rack/logger.rb:20:in `block in call'
  activesupport (4.2.0) lib/active_support/tagged_logging.rb:68:in `block in tagged'
  activesupport (4.2.0) lib/active_support/tagged_logging.rb:26:in `tagged'
  activesupport (4.2.0) lib/active_support/tagged_logging.rb:68:in `tagged'
  railties (4.2.0) lib/rails/rack/logger.rb:20:in `call'
  actionpack (4.2.0) lib/action_dispatch/middleware/request_id.rb:21:in `call'
  rack (1.6.4) lib/rack/methodoverride.rb:22:in `call'
  rack (1.6.4) lib/rack/runtime.rb:18:in `call'
  activesupport (4.2.0) lib/active_support/cache/strategy/local_cache_middleware.rb:28:in `call'
  rack (1.6.4) lib/rack/lock.rb:17:in `call'
  actionpack (4.2.0) lib/action_dispatch/middleware/static.rb:113:in `call'
  rack (1.6.4) lib/rack/sendfile.rb:113:in `call'
  railties (4.2.0) lib/rails/engine.rb:518:in `call'
  railties (4.2.0) lib/rails/application.rb:164:in `call'
  rack (1.6.4) lib/rack/lock.rb:17:in `call'
  rack (1.6.4) lib/rack/content_length.rb:15:in `call'
  rack (1.6.4) lib/rack/handler/webrick.rb:88:in `service'
  /Users/Home/.rbenv/versions/2.2.0/lib/ruby/2.2.0/webrick/httpserver.rb:138:in `service'
  /Users/Home/.rbenv/versions/2.2.0/lib/ruby/2.2.0/webrick/httpserver.rb:94:in `run'
  /Users/Home/.rbenv/versions/2.2.0/lib/ruby/2.2.0/webrick/server.rb:294:in `block in start_thread'


  Rendered /Users/Home/.rbenv/versions/2.2.0/lib/ruby/gems/2.2.0/gems/actionpack-4.2.0/lib/action_dispatch/middleware/templates/rescues/_trace.html.erb (3.1ms)
  Rendered /Users/Home/.rbenv/versions/2.2.0/lib/ruby/gems/2.2.0/gems/actionpack-4.2.0/lib/action_dispatch/middleware/templates/routes/_route.html.erb (1.4ms)
  Rendered /Users/Home/.rbenv/versions/2.2.0/lib/ruby/gems/2.2.0/gems/actionpack-4.2.0/lib/action_dispatch/middleware/templates/routes/_table.html.erb (1.8ms)
  Rendered /Users/Home/.rbenv/versions/2.2.0/lib/ruby/gems/2.2.0/gems/actionpack-4.2.0/lib/action_dispatch/middleware/templates/rescues/_request_and_response.html.erb (1.7ms)
  Rendered /Users/Home/.rbenv/versions/2.2.0/lib/ruby/gems/2.2.0/gems/actionpack-4.2.0/lib/action_dispatch/middleware/templates/rescues/routing_error.html.erb within rescues/layout (148.0ms)
  Rendered /Users/Home/.rbenv/versions/2.2.0/lib/ruby/gems/2.2.0/gems/web-console-2.2.1/lib/web_console/templates/_markup.html.erb (0.6ms)
  Rendered /Users/Home/.rbenv/versions/2.2.0/lib/ruby/gems/2.2.0/gems/web-console-2.2.1/lib/web_console/templates/_inner_console_markup.html.erb within layouts/inlined_string (0.7ms)
  Rendered /Users/Home/.rbenv/versions/2.2.0/lib/ruby/gems/2.2.0/gems/web-console-2.2.1/lib/web_console/templates/_prompt_box_markup.html.erb within layouts/inlined_string (0.5ms)
  Rendered /Users/Home/.rbenv/versions/2.2.0/lib/ruby/gems/2.2.0/gems/web-console-2.2.1/lib/web_console/templates/style.css.erb within layouts/inlined_string (0.6ms)
  Rendered /Users/Home/.rbenv/versions/2.2.0/lib/ruby/gems/2.2.0/gems/web-console-2.2.1/lib/web_console/templates/console.js.erb within layouts/javascript (100.3ms)
  Rendered /Users/Home/.rbenv/versions/2.2.0/lib/ruby/gems/2.2.0/gems/web-console-2.2.1/lib/web_console/templates/main.js.erb within layouts/javascript (0.5ms)
  Rendered /Users/Home/.rbenv/versions/2.2.0/lib/ruby/gems/2.2.0/gems/web-console-2.2.1/lib/web_console/templates/error_page.js.erb within layouts/javascript (0.6ms)
  Rendered /Users/Home/.rbenv/versions/2.2.0/lib/ruby/gems/2.2.0/gems/web-console-2.2.1/lib/web_console/templates/index.html.erb (222.1ms)


Started GET "/sessions/new" for 127.0.0.1 at 2015-08-06 20:26:57 -0700

ActionController::RoutingError (No route matches [GET] "/sessions/new"):
  actionpack (4.2.0) lib/action_dispatch/middleware/debug_exceptions.rb:21:in `call'
  web-console (2.2.1) lib/web_console/middleware.rb:39:in `call'
  actionpack (4.2.0) lib/action_dispatch/middleware/show_exceptions.rb:30:in `call'
  railties (4.2.0) lib/rails/rack/logger.rb:38:in `call_app'
  railties (4.2.0) lib/rails/rack/logger.rb:20:in `block in call'
  activesupport (4.2.0) lib/active_support/tagged_logging.rb:68:in `block in tagged'
  activesupport (4.2.0) lib/active_support/tagged_logging.rb:26:in `tagged'
  activesupport (4.2.0) lib/active_support/tagged_logging.rb:68:in `tagged'
  railties (4.2.0) lib/rails/rack/logger.rb:20:in `call'
  actionpack (4.2.0) lib/action_dispatch/middleware/request_id.rb:21:in `call'
  rack (1.6.4) lib/rack/methodoverride.rb:22:in `call'
  rack (1.6.4) lib/rack/runtime.rb:18:in `call'
  activesupport (4.2.0) lib/active_support/cache/strategy/local_cache_middleware.rb:28:in `call'
  rack (1.6.4) lib/rack/lock.rb:17:in `call'
  actionpack (4.2.0) lib/action_dispatch/middleware/static.rb:113:in `call'
  rack (1.6.4) lib/rack/sendfile.rb:113:in `call'
  railties (4.2.0) lib/rails/engine.rb:518:in `call'
  railties (4.2.0) lib/rails/application.rb:164:in `call'
  rack (1.6.4) lib/rack/lock.rb:17:in `call'
  rack (1.6.4) lib/rack/content_length.rb:15:in `call'
  rack (1.6.4) lib/rack/handler/webrick.rb:88:in `service'
  /Users/Home/.rbenv/versions/2.2.0/lib/ruby/2.2.0/webrick/httpserver.rb:138:in `service'
  /Users/Home/.rbenv/versions/2.2.0/lib/ruby/2.2.0/webrick/httpserver.rb:94:in `run'
  /Users/Home/.rbenv/versions/2.2.0/lib/ruby/2.2.0/webrick/server.rb:294:in `block in start_thread'


  Rendered /Users/Home/.rbenv/versions/2.2.0/lib/ruby/gems/2.2.0/gems/actionpack-4.2.0/lib/action_dispatch/middleware/templates/rescues/_trace.html.erb (2.5ms)
  Rendered /Users/Home/.rbenv/versions/2.2.0/lib/ruby/gems/2.2.0/gems/actionpack-4.2.0/lib/action_dispatch/middleware/templates/routes/_route.html.erb (1.8ms)
  Rendered /Users/Home/.rbenv/versions/2.2.0/lib/ruby/gems/2.2.0/gems/actionpack-4.2.0/lib/action_dispatch/middleware/templates/routes/_table.html.erb (1.9ms)
  Rendered /Users/Home/.rbenv/versions/2.2.0/lib/ruby/gems/2.2.0/gems/actionpack-4.2.0/lib/action_dispatch/middleware/templates/rescues/_request_and_response.html.erb (1.6ms)
  Rendered /Users/Home/.rbenv/versions/2.2.0/lib/ruby/gems/2.2.0/gems/actionpack-4.2.0/lib/action_dispatch/middleware/templates/rescues/routing_error.html.erb within rescues/layout (145.5ms)
  Rendered /Users/Home/.rbenv/versions/2.2.0/lib/ruby/gems/2.2.0/gems/web-console-2.2.1/lib/web_console/templates/_markup.html.erb (0.5ms)
  Rendered /Users/Home/.rbenv/versions/2.2.0/lib/ruby/gems/2.2.0/gems/web-console-2.2.1/lib/web_console/templates/_inner_console_markup.html.erb within layouts/inlined_string (0.6ms)
  Rendered /Users/Home/.rbenv/versions/2.2.0/lib/ruby/gems/2.2.0/gems/web-console-2.2.1/lib/web_console/templates/_prompt_box_markup.html.erb within layouts/inlined_string (0.5ms)
  Rendered /Users/Home/.rbenv/versions/2.2.0/lib/ruby/gems/2.2.0/gems/web-console-2.2.1/lib/web_console/templates/style.css.erb within layouts/inlined_string (0.5ms)
  Rendered /Users/Home/.rbenv/versions/2.2.0/lib/ruby/gems/2.2.0/gems/web-console-2.2.1/lib/web_console/templates/console.js.erb within layouts/javascript (101.2ms)
  Rendered /Users/Home/.rbenv/versions/2.2.0/lib/ruby/gems/2.2.0/gems/web-console-2.2.1/lib/web_console/templates/main.js.erb within layouts/javascript (0.7ms)
  Rendered /Users/Home/.rbenv/versions/2.2.0/lib/ruby/gems/2.2.0/gems/web-console-2.2.1/lib/web_console/templates/error_page.js.erb within layouts/javascript (0.6ms)
  Rendered /Users/Home/.rbenv/versions/2.2.0/lib/ruby/gems/2.2.0/gems/web-console-2.2.1/lib/web_console/templates/index.html.erb (225.3ms)


Started GET "/login" for 127.0.0.1 at 2015-08-06 20:27:16 -0700
Processing by SessionsController#new as HTML
  Rendered sessions/new.html.erb within layouts/application (96.2ms)
Completed 200 OK in 3522ms (Views: 3521.3ms | ActiveRecord: 0.0ms)


Started GET "/assets/sessions.self-e3b0c44298fc1c149afbf4c8996fb92427ae41e4649b934ca495991b7852b855.css?body=1" for 127.0.0.1 at 2015-08-06 20:27:19 -0700


Started GET "/assets/application.self-e80e8f2318043e8af94dddc2adad5a4f09739a8ebb323b3ab31cd71d45fd9113.css?body=1" for 127.0.0.1 at 2015-08-06 20:27:19 -0700


Started GET "/assets/jquery.self-d03a5518f45df77341bdbe6201ba3bfa547ebba8ed64f0ea56bfa5f96ea7c074.js?body=1" for 127.0.0.1 at 2015-08-06 20:27:19 -0700


Started GET "/assets/turbolinks.self-c37727e9bd6b2735da5c311aa83fead54ed0be6cc8bd9a65309e9c5abe2cbfff.js?body=1" for 127.0.0.1 at 2015-08-06 20:27:19 -0700


Started GET "/assets/sessions.self-877aef30ae1b040ab8a3aba4e3e309a11d7f2612f44dde450b5c157aa5f95c05.js?body=1" for 127.0.0.1 at 2015-08-06 20:27:20 -0700


Started GET "/assets/application.self-3a3c8b61bda630ee689740ce7cbd0dd8ea6fdd45e2c42eef4661ab38cf268afe.js?body=1" for 127.0.0.1 at 2015-08-06 20:27:20 -0700


Started GET "/assets/jquery_ujs.self-ca5248a2fad13d6bd58ea121318d642f195f0b2dd818b30615f785ff365e8d1f.js?body=1" for 127.0.0.1 at 2015-08-06 20:27:20 -0700


Started GET "/signup" for 127.0.0.1 at 2015-08-06 20:27:28 -0700

ActionController::RoutingError (uninitialized constant UsersController):
  activesupport (4.2.0) lib/active_support/inflector/methods.rb:261:in `const_get'
  activesupport (4.2.0) lib/active_support/inflector/methods.rb:261:in `block in constantize'
  activesupport (4.2.0) lib/active_support/inflector/methods.rb:259:in `each'
  activesupport (4.2.0) lib/active_support/inflector/methods.rb:259:in `inject'
  activesupport (4.2.0) lib/active_support/inflector/methods.rb:259:in `constantize'
  actionpack (4.2.0) lib/action_dispatch/routing/route_set.rb:69:in `controller_reference'
  actionpack (4.2.0) lib/action_dispatch/routing/route_set.rb:59:in `controller'
  actionpack (4.2.0) lib/action_dispatch/routing/route_set.rb:38:in `serve'
  actionpack (4.2.0) lib/action_dispatch/journey/router.rb:43:in `block in serve'
  actionpack (4.2.0) lib/action_dispatch/journey/router.rb:30:in `each'
  actionpack (4.2.0) lib/action_dispatch/journey/router.rb:30:in `serve'
  actionpack (4.2.0) lib/action_dispatch/routing/route_set.rb:802:in `call'
  rack (1.6.4) lib/rack/etag.rb:24:in `call'
  rack (1.6.4) lib/rack/conditionalget.rb:25:in `call'
  rack (1.6.4) lib/rack/head.rb:13:in `call'
  actionpack (4.2.0) lib/action_dispatch/middleware/params_parser.rb:27:in `call'
  actionpack (4.2.0) lib/action_dispatch/middleware/flash.rb:260:in `call'
  rack (1.6.4) lib/rack/session/abstract/id.rb:225:in `context'
  rack (1.6.4) lib/rack/session/abstract/id.rb:220:in `call'
  actionpack (4.2.0) lib/action_dispatch/middleware/cookies.rb:560:in `call'
  activerecord (4.2.0) lib/active_record/query_cache.rb:36:in `call'
  activerecord (4.2.0) lib/active_record/connection_adapters/abstract/connection_pool.rb:647:in `call'
  activerecord (4.2.0) lib/active_record/migration.rb:378:in `call'
  actionpack (4.2.0) lib/action_dispatch/middleware/callbacks.rb:29:in `block in call'
  activesupport (4.2.0) lib/active_support/callbacks.rb:88:in `call'
  activesupport (4.2.0) lib/active_support/callbacks.rb:88:in `_run_callbacks'
  activesupport (4.2.0) lib/active_support/callbacks.rb:734:in `_run_call_callbacks'
  activesupport (4.2.0) lib/active_support/callbacks.rb:81:in `run_callbacks'
  actionpack (4.2.0) lib/action_dispatch/middleware/callbacks.rb:27:in `call'
  actionpack (4.2.0) lib/action_dispatch/middleware/reloader.rb:73:in `call'
  actionpack (4.2.0) lib/action_dispatch/middleware/remote_ip.rb:78:in `call'
  actionpack (4.2.0) lib/action_dispatch/middleware/debug_exceptions.rb:17:in `call'
  web-console (2.2.1) lib/web_console/middleware.rb:39:in `call'
  actionpack (4.2.0) lib/action_dispatch/middleware/show_exceptions.rb:30:in `call'
  railties (4.2.0) lib/rails/rack/logger.rb:38:in `call_app'
  railties (4.2.0) lib/rails/rack/logger.rb:20:in `block in call'
  activesupport (4.2.0) lib/active_support/tagged_logging.rb:68:in `block in tagged'
  activesupport (4.2.0) lib/active_support/tagged_logging.rb:26:in `tagged'
  activesupport (4.2.0) lib/active_support/tagged_logging.rb:68:in `tagged'
  railties (4.2.0) lib/rails/rack/logger.rb:20:in `call'
  actionpack (4.2.0) lib/action_dispatch/middleware/request_id.rb:21:in `call'
  rack (1.6.4) lib/rack/methodoverride.rb:22:in `call'
  rack (1.6.4) lib/rack/runtime.rb:18:in `call'
  activesupport (4.2.0) lib/active_support/cache/strategy/local_cache_middleware.rb:28:in `call'
  rack (1.6.4) lib/rack/lock.rb:17:in `call'
  actionpack (4.2.0) lib/action_dispatch/middleware/static.rb:113:in `call'
  rack (1.6.4) lib/rack/sendfile.rb:113:in `call'
  railties (4.2.0) lib/rails/engine.rb:518:in `call'
  railties (4.2.0) lib/rails/application.rb:164:in `call'
  rack (1.6.4) lib/rack/lock.rb:17:in `call'
  rack (1.6.4) lib/rack/content_length.rb:15:in `call'
  rack (1.6.4) lib/rack/handler/webrick.rb:88:in `service'
  /Users/Home/.rbenv/versions/2.2.0/lib/ruby/2.2.0/webrick/httpserver.rb:138:in `service'
  /Users/Home/.rbenv/versions/2.2.0/lib/ruby/2.2.0/webrick/httpserver.rb:94:in `run'
  /Users/Home/.rbenv/versions/2.2.0/lib/ruby/2.2.0/webrick/server.rb:294:in `block in start_thread'


  Rendered /Users/Home/.rbenv/versions/2.2.0/lib/ruby/gems/2.2.0/gems/actionpack-4.2.0/lib/action_dispatch/middleware/templates/rescues/_trace.html.erb (3.4ms)
  Rendered /Users/Home/.rbenv/versions/2.2.0/lib/ruby/gems/2.2.0/gems/actionpack-4.2.0/lib/action_dispatch/middleware/templates/routes/_route.html.erb (2.5ms)
  Rendered /Users/Home/.rbenv/versions/2.2.0/lib/ruby/gems/2.2.0/gems/actionpack-4.2.0/lib/action_dispatch/middleware/templates/routes/_table.html.erb (2.3ms)
  Rendered /Users/Home/.rbenv/versions/2.2.0/lib/ruby/gems/2.2.0/gems/actionpack-4.2.0/lib/action_dispatch/middleware/templates/rescues/_request_and_response.html.erb (2.5ms)
  Rendered /Users/Home/.rbenv/versions/2.2.0/lib/ruby/gems/2.2.0/gems/actionpack-4.2.0/lib/action_dispatch/middleware/templates/rescues/routing_error.html.erb within rescues/layout (147.7ms)
  Rendered /Users/Home/.rbenv/versions/2.2.0/lib/ruby/gems/2.2.0/gems/web-console-2.2.1/lib/web_console/templates/_markup.html.erb (0.8ms)
  Rendered /Users/Home/.rbenv/versions/2.2.0/lib/ruby/gems/2.2.0/gems/web-console-2.2.1/lib/web_console/templates/_inner_console_markup.html.erb within layouts/inlined_string (0.5ms)
  Rendered /Users/Home/.rbenv/versions/2.2.0/lib/ruby/gems/2.2.0/gems/web-console-2.2.1/lib/web_console/templates/_prompt_box_markup.html.erb within layouts/inlined_string (0.5ms)
  Rendered /Users/Home/.rbenv/versions/2.2.0/lib/ruby/gems/2.2.0/gems/web-console-2.2.1/lib/web_console/templates/style.css.erb within layouts/inlined_string (0.7ms)
  Rendered /Users/Home/.rbenv/versions/2.2.0/lib/ruby/gems/2.2.0/gems/web-console-2.2.1/lib/web_console/templates/console.js.erb within layouts/javascript (95.3ms)
  Rendered /Users/Home/.rbenv/versions/2.2.0/lib/ruby/gems/2.2.0/gems/web-console-2.2.1/lib/web_console/templates/main.js.erb within layouts/javascript (0.5ms)
  Rendered /Users/Home/.rbenv/versions/2.2.0/lib/ruby/gems/2.2.0/gems/web-console-2.2.1/lib/web_console/templates/error_page.js.erb within layouts/javascript (0.8ms)
  Rendered /Users/Home/.rbenv/versions/2.2.0/lib/ruby/gems/2.2.0/gems/web-console-2.2.1/lib/web_console/templates/index.html.erb (213.9ms)


Started GET "/login" for 127.0.0.1 at 2015-08-06 20:27:34 -0700
Processing by SessionsController#new as HTML
  Rendered sessions/new.html.erb within layouts/application (39.0ms)
Completed 500 Internal Server Error in 79ms

ActionView::Template::Error (undefined local variable or method `signup_path' for #<#<Class:0x00000108ce8840>:0x00000108cf1030>):
    13:       <%= f.submit "Log in", class: "btn btn-primary" %>
    14:     <% end %>
    15: 
    16:     <p>New user? <%= link_to "Sign up now!", signup_path %></p>
    17:   </div>
    18: </div>
  app/views/sessions/new.html.erb:16:in `_app_views_sessions_new_html_erb__1647965169145837437_2179608800'


  Rendered /Users/Home/.rbenv/versions/2.2.0/lib/ruby/gems/2.2.0/gems/actionpack-4.2.0/lib/action_dispatch/middleware/templates/rescues/_source.erb (18.3ms)
  Rendered /Users/Home/.rbenv/versions/2.2.0/lib/ruby/gems/2.2.0/gems/actionpack-4.2.0/lib/action_dispatch/middleware/templates/rescues/_trace.html.erb (7.2ms)
  Rendered /Users/Home/.rbenv/versions/2.2.0/lib/ruby/gems/2.2.0/gems/actionpack-4.2.0/lib/action_dispatch/middleware/templates/rescues/_request_and_response.html.erb (2.1ms)
  Rendered /Users/Home/.rbenv/versions/2.2.0/lib/ruby/gems/2.2.0/gems/actionpack-4.2.0/lib/action_dispatch/middleware/templates/rescues/template_error.html.erb within rescues/layout (145.8ms)
  Rendered /Users/Home/.rbenv/versions/2.2.0/lib/ruby/gems/2.2.0/gems/web-console-2.2.1/lib/web_console/templates/_markup.html.erb (0.7ms)
  Rendered /Users/Home/.rbenv/versions/2.2.0/lib/ruby/gems/2.2.0/gems/web-console-2.2.1/lib/web_console/templates/_inner_console_markup.html.erb within layouts/inlined_string (0.6ms)
  Rendered /Users/Home/.rbenv/versions/2.2.0/lib/ruby/gems/2.2.0/gems/web-console-2.2.1/lib/web_console/templates/_prompt_box_markup.html.erb within layouts/inlined_string (0.7ms)
  Rendered /Users/Home/.rbenv/versions/2.2.0/lib/ruby/gems/2.2.0/gems/web-console-2.2.1/lib/web_console/templates/style.css.erb within layouts/inlined_string (0.6ms)
  Rendered /Users/Home/.rbenv/versions/2.2.0/lib/ruby/gems/2.2.0/gems/web-console-2.2.1/lib/web_console/templates/console.js.erb within layouts/javascript (111.7ms)
  Rendered /Users/Home/.rbenv/versions/2.2.0/lib/ruby/gems/2.2.0/gems/web-console-2.2.1/lib/web_console/templates/main.js.erb within layouts/javascript (0.6ms)
  Rendered /Users/Home/.rbenv/versions/2.2.0/lib/ruby/gems/2.2.0/gems/web-console-2.2.1/lib/web_console/templates/error_page.js.erb within layouts/javascript (0.7ms)
  Rendered /Users/Home/.rbenv/versions/2.2.0/lib/ruby/gems/2.2.0/gems/web-console-2.2.1/lib/web_console/templates/index.html.erb (251.6ms)


Started GET "/login" for 127.0.0.1 at 2015-08-06 20:28:05 -0700
Processing by SessionsController#new as HTML
  Rendered sessions/new.html.erb within layouts/application (2.5ms)
Completed 200 OK in 79ms (Views: 78.2ms | ActiveRecord: 0.0ms)


Started GET "/assets/application.self-e80e8f2318043e8af94dddc2adad5a4f09739a8ebb323b3ab31cd71d45fd9113.css?body=1" for 127.0.0.1 at 2015-08-06 20:28:05 -0700


Started GET "/assets/jquery.self-d03a5518f45df77341bdbe6201ba3bfa547ebba8ed64f0ea56bfa5f96ea7c074.js?body=1" for 127.0.0.1 at 2015-08-06 20:28:05 -0700


Started GET "/assets/sessions.self-e3b0c44298fc1c149afbf4c8996fb92427ae41e4649b934ca495991b7852b855.css?body=1" for 127.0.0.1 at 2015-08-06 20:28:05 -0700


Started GET "/assets/jquery_ujs.self-ca5248a2fad13d6bd58ea121318d642f195f0b2dd818b30615f785ff365e8d1f.js?body=1" for 127.0.0.1 at 2015-08-06 20:28:05 -0700


Started GET "/assets/turbolinks.self-c37727e9bd6b2735da5c311aa83fead54ed0be6cc8bd9a65309e9c5abe2cbfff.js?body=1" for 127.0.0.1 at 2015-08-06 20:28:05 -0700


Started GET "/assets/sessions.self-877aef30ae1b040ab8a3aba4e3e309a11d7f2612f44dde450b5c157aa5f95c05.js?body=1" for 127.0.0.1 at 2015-08-06 20:28:05 -0700


Started GET "/assets/application.self-3a3c8b61bda630ee689740ce7cbd0dd8ea6fdd45e2c42eef4661ab38cf268afe.js?body=1" for 127.0.0.1 at 2015-08-06 20:28:05 -0700


Started GET "/login" for 127.0.0.1 at 2015-08-06 21:06:16 -0700
  [1m[36mActiveRecord::SchemaMigration Load (0.2ms)[0m  [1mSELECT "schema_migrations".* FROM "schema_migrations"[0m

ActiveRecord::PendingMigrationError (

Migrations are pending. To resolve this issue, run:

	bin/rake db:migrate RAILS_ENV=development

):
  activerecord (4.2.0) lib/active_record/migration.rb:393:in `check_pending!'
  activerecord (4.2.0) lib/active_record/migration.rb:374:in `call'
  actionpack (4.2.0) lib/action_dispatch/middleware/callbacks.rb:29:in `block in call'
  activesupport (4.2.0) lib/active_support/callbacks.rb:88:in `call'
  activesupport (4.2.0) lib/active_support/callbacks.rb:88:in `_run_callbacks'
  activesupport (4.2.0) lib/active_support/callbacks.rb:734:in `_run_call_callbacks'
  activesupport (4.2.0) lib/active_support/callbacks.rb:81:in `run_callbacks'
  actionpack (4.2.0) lib/action_dispatch/middleware/callbacks.rb:27:in `call'
  actionpack (4.2.0) lib/action_dispatch/middleware/reloader.rb:73:in `call'
  actionpack (4.2.0) lib/action_dispatch/middleware/remote_ip.rb:78:in `call'
  actionpack (4.2.0) lib/action_dispatch/middleware/debug_exceptions.rb:17:in `call'
  web-console (2.2.1) lib/web_console/middleware.rb:39:in `call'
  actionpack (4.2.0) lib/action_dispatch/middleware/show_exceptions.rb:30:in `call'
  railties (4.2.0) lib/rails/rack/logger.rb:38:in `call_app'
  railties (4.2.0) lib/rails/rack/logger.rb:20:in `block in call'
  activesupport (4.2.0) lib/active_support/tagged_logging.rb:68:in `block in tagged'
  activesupport (4.2.0) lib/active_support/tagged_logging.rb:26:in `tagged'
  activesupport (4.2.0) lib/active_support/tagged_logging.rb:68:in `tagged'
  railties (4.2.0) lib/rails/rack/logger.rb:20:in `call'
  actionpack (4.2.0) lib/action_dispatch/middleware/request_id.rb:21:in `call'
  rack (1.6.4) lib/rack/methodoverride.rb:22:in `call'
  rack (1.6.4) lib/rack/runtime.rb:18:in `call'
  activesupport (4.2.0) lib/active_support/cache/strategy/local_cache_middleware.rb:28:in `call'
  rack (1.6.4) lib/rack/lock.rb:17:in `call'
  actionpack (4.2.0) lib/action_dispatch/middleware/static.rb:113:in `call'
  rack (1.6.4) lib/rack/sendfile.rb:113:in `call'
  railties (4.2.0) lib/rails/engine.rb:518:in `call'
  railties (4.2.0) lib/rails/application.rb:164:in `call'
  rack (1.6.4) lib/rack/lock.rb:17:in `call'
  rack (1.6.4) lib/rack/content_length.rb:15:in `call'
  rack (1.6.4) lib/rack/handler/webrick.rb:88:in `service'
  /Users/Home/.rbenv/versions/2.2.0/lib/ruby/2.2.0/webrick/httpserver.rb:138:in `service'
  /Users/Home/.rbenv/versions/2.2.0/lib/ruby/2.2.0/webrick/httpserver.rb:94:in `run'
  /Users/Home/.rbenv/versions/2.2.0/lib/ruby/2.2.0/webrick/server.rb:294:in `block in start_thread'


  Rendered /Users/Home/.rbenv/versions/2.2.0/lib/ruby/gems/2.2.0/gems/actionpack-4.2.0/lib/action_dispatch/middleware/templates/rescues/_source.erb (4.2ms)
  Rendered /Users/Home/.rbenv/versions/2.2.0/lib/ruby/gems/2.2.0/gems/actionpack-4.2.0/lib/action_dispatch/middleware/templates/rescues/_trace.html.erb (3.2ms)
  Rendered /Users/Home/.rbenv/versions/2.2.0/lib/ruby/gems/2.2.0/gems/actionpack-4.2.0/lib/action_dispatch/middleware/templates/rescues/_request_and_response.html.erb (1.5ms)
  Rendered /Users/Home/.rbenv/versions/2.2.0/lib/ruby/gems/2.2.0/gems/actionpack-4.2.0/lib/action_dispatch/middleware/templates/rescues/diagnostics.html.erb within rescues/layout (119.2ms)
  Rendered /Users/Home/.rbenv/versions/2.2.0/lib/ruby/gems/2.2.0/gems/web-console-2.2.1/lib/web_console/templates/_markup.html.erb (0.6ms)
  Rendered /Users/Home/.rbenv/versions/2.2.0/lib/ruby/gems/2.2.0/gems/web-console-2.2.1/lib/web_console/templates/_inner_console_markup.html.erb within layouts/inlined_string (0.5ms)
  Rendered /Users/Home/.rbenv/versions/2.2.0/lib/ruby/gems/2.2.0/gems/web-console-2.2.1/lib/web_console/templates/_prompt_box_markup.html.erb within layouts/inlined_string (0.5ms)
  Rendered /Users/Home/.rbenv/versions/2.2.0/lib/ruby/gems/2.2.0/gems/web-console-2.2.1/lib/web_console/templates/style.css.erb within layouts/inlined_string (0.6ms)
  Rendered /Users/Home/.rbenv/versions/2.2.0/lib/ruby/gems/2.2.0/gems/web-console-2.2.1/lib/web_console/templates/console.js.erb within layouts/javascript (106.7ms)
  Rendered /Users/Home/.rbenv/versions/2.2.0/lib/ruby/gems/2.2.0/gems/web-console-2.2.1/lib/web_console/templates/main.js.erb within layouts/javascript (0.5ms)
  Rendered /Users/Home/.rbenv/versions/2.2.0/lib/ruby/gems/2.2.0/gems/web-console-2.2.1/lib/web_console/templates/error_page.js.erb within layouts/javascript (0.6ms)
  Rendered /Users/Home/.rbenv/versions/2.2.0/lib/ruby/gems/2.2.0/gems/web-console-2.2.1/lib/web_console/templates/index.html.erb (237.8ms)
  [1m[36mActiveRecord::SchemaMigration Load (0.1ms)[0m  [1mSELECT "schema_migrations".* FROM "schema_migrations"[0m
Migrating to AddRememberDigestToUsers (20150807033016)
  [1m[35m (0.2ms)[0m  begin transaction
  [1m[36m (12.4ms)[0m  [1mALTER TABLE "users" ADD "remember_digest" varchar[0m
  [1m[35mSQL (10.7ms)[0m  INSERT INTO "schema_migrations" ("version") VALUES (?)  [["version", "20150807033016"]]
  [1m[36m (2.2ms)[0m  [1mcommit transaction[0m
  [1m[35mActiveRecord::SchemaMigration Load (0.2ms)[0m  SELECT "schema_migrations".* FROM "schema_migrations"


Started GET "/login" for 127.0.0.1 at 2015-08-06 21:06:44 -0700
  [1m[36mActiveRecord::SchemaMigration Load (0.2ms)[0m  [1mSELECT "schema_migrations".* FROM "schema_migrations"[0m
Processing by SessionsController#new as HTML
  Rendered sessions/new.html.erb within layouts/application (22.0ms)
Completed 200 OK in 378ms (Views: 361.5ms | ActiveRecord: 0.0ms)


Started GET "/assets/application.self-e80e8f2318043e8af94dddc2adad5a4f09739a8ebb323b3ab31cd71d45fd9113.css?body=1" for 127.0.0.1 at 2015-08-06 21:06:45 -0700


Started GET "/assets/application.self-3a3c8b61bda630ee689740ce7cbd0dd8ea6fdd45e2c42eef4661ab38cf268afe.js?body=1" for 127.0.0.1 at 2015-08-06 21:06:45 -0700


Started GET "/assets/jquery_ujs.self-ca5248a2fad13d6bd58ea121318d642f195f0b2dd818b30615f785ff365e8d1f.js?body=1" for 127.0.0.1 at 2015-08-06 21:06:45 -0700


Started GET "/assets/jquery.self-d03a5518f45df77341bdbe6201ba3bfa547ebba8ed64f0ea56bfa5f96ea7c074.js?body=1" for 127.0.0.1 at 2015-08-06 21:06:45 -0700


Started GET "/assets/turbolinks.self-c37727e9bd6b2735da5c311aa83fead54ed0be6cc8bd9a65309e9c5abe2cbfff.js?body=1" for 127.0.0.1 at 2015-08-06 21:06:45 -0700


Started GET "/assets/sessions.self-e3b0c44298fc1c149afbf4c8996fb92427ae41e4649b934ca495991b7852b855.css?body=1" for 127.0.0.1 at 2015-08-06 21:06:45 -0700


Started GET "/assets/sessions.self-877aef30ae1b040ab8a3aba4e3e309a11d7f2612f44dde450b5c157aa5f95c05.js?body=1" for 127.0.0.1 at 2015-08-06 21:06:45 -0700


Started GET "/login" for 127.0.0.1 at 2015-08-06 21:06:47 -0700
Processing by SessionsController#new as HTML
  Rendered sessions/new.html.erb within layouts/application (2.5ms)
Completed 200 OK in 51ms (Views: 50.7ms | ActiveRecord: 0.0ms)


Started POST "/login" for 127.0.0.1 at 2015-08-06 21:06:55 -0700

AbstractController::ActionNotFound (The action 'create' could not be found for SessionsController):
  actionpack (4.2.0) lib/abstract_controller/base.rb:132:in `process'
  actionview (4.2.0) lib/action_view/rendering.rb:30:in `process'
  actionpack (4.2.0) lib/action_controller/metal.rb:195:in `dispatch'
  actionpack (4.2.0) lib/action_controller/metal/rack_delegation.rb:13:in `dispatch'
  actionpack (4.2.0) lib/action_controller/metal.rb:236:in `block in action'
  actionpack (4.2.0) lib/action_dispatch/routing/route_set.rb:73:in `call'
  actionpack (4.2.0) lib/action_dispatch/routing/route_set.rb:73:in `dispatch'
  actionpack (4.2.0) lib/action_dispatch/routing/route_set.rb:42:in `serve'
  actionpack (4.2.0) lib/action_dispatch/journey/router.rb:43:in `block in serve'
  actionpack (4.2.0) lib/action_dispatch/journey/router.rb:30:in `each'
  actionpack (4.2.0) lib/action_dispatch/journey/router.rb:30:in `serve'
  actionpack (4.2.0) lib/action_dispatch/routing/route_set.rb:802:in `call'
  rack (1.6.4) lib/rack/etag.rb:24:in `call'
  rack (1.6.4) lib/rack/conditionalget.rb:38:in `call'
  rack (1.6.4) lib/rack/head.rb:13:in `call'
  actionpack (4.2.0) lib/action_dispatch/middleware/params_parser.rb:27:in `call'
  actionpack (4.2.0) lib/action_dispatch/middleware/flash.rb:260:in `call'
  rack (1.6.4) lib/rack/session/abstract/id.rb:225:in `context'
  rack (1.6.4) lib/rack/session/abstract/id.rb:220:in `call'
  actionpack (4.2.0) lib/action_dispatch/middleware/cookies.rb:560:in `call'
  activerecord (4.2.0) lib/active_record/query_cache.rb:36:in `call'
  activerecord (4.2.0) lib/active_record/connection_adapters/abstract/connection_pool.rb:647:in `call'
  activerecord (4.2.0) lib/active_record/migration.rb:378:in `call'
  actionpack (4.2.0) lib/action_dispatch/middleware/callbacks.rb:29:in `block in call'
  activesupport (4.2.0) lib/active_support/callbacks.rb:88:in `call'
  activesupport (4.2.0) lib/active_support/callbacks.rb:88:in `_run_callbacks'
  activesupport (4.2.0) lib/active_support/callbacks.rb:734:in `_run_call_callbacks'
  activesupport (4.2.0) lib/active_support/callbacks.rb:81:in `run_callbacks'
  actionpack (4.2.0) lib/action_dispatch/middleware/callbacks.rb:27:in `call'
  actionpack (4.2.0) lib/action_dispatch/middleware/reloader.rb:73:in `call'
  actionpack (4.2.0) lib/action_dispatch/middleware/remote_ip.rb:78:in `call'
  actionpack (4.2.0) lib/action_dispatch/middleware/debug_exceptions.rb:17:in `call'
  web-console (2.2.1) lib/web_console/middleware.rb:39:in `call'
  actionpack (4.2.0) lib/action_dispatch/middleware/show_exceptions.rb:30:in `call'
  railties (4.2.0) lib/rails/rack/logger.rb:38:in `call_app'
  railties (4.2.0) lib/rails/rack/logger.rb:20:in `block in call'
  activesupport (4.2.0) lib/active_support/tagged_logging.rb:68:in `block in tagged'
  activesupport (4.2.0) lib/active_support/tagged_logging.rb:26:in `tagged'
  activesupport (4.2.0) lib/active_support/tagged_logging.rb:68:in `tagged'
  railties (4.2.0) lib/rails/rack/logger.rb:20:in `call'
  actionpack (4.2.0) lib/action_dispatch/middleware/request_id.rb:21:in `call'
  rack (1.6.4) lib/rack/methodoverride.rb:22:in `call'
  rack (1.6.4) lib/rack/runtime.rb:18:in `call'
  activesupport (4.2.0) lib/active_support/cache/strategy/local_cache_middleware.rb:28:in `call'
  rack (1.6.4) lib/rack/lock.rb:17:in `call'
  actionpack (4.2.0) lib/action_dispatch/middleware/static.rb:113:in `call'
  rack (1.6.4) lib/rack/sendfile.rb:113:in `call'
  railties (4.2.0) lib/rails/engine.rb:518:in `call'
  railties (4.2.0) lib/rails/application.rb:164:in `call'
  rack (1.6.4) lib/rack/lock.rb:17:in `call'
  rack (1.6.4) lib/rack/content_length.rb:15:in `call'
  rack (1.6.4) lib/rack/handler/webrick.rb:88:in `service'
  /Users/Home/.rbenv/versions/2.2.0/lib/ruby/2.2.0/webrick/httpserver.rb:138:in `service'
  /Users/Home/.rbenv/versions/2.2.0/lib/ruby/2.2.0/webrick/httpserver.rb:94:in `run'
  /Users/Home/.rbenv/versions/2.2.0/lib/ruby/2.2.0/webrick/server.rb:294:in `block in start_thread'


  Rendered /Users/Home/.rbenv/versions/2.2.0/lib/ruby/gems/2.2.0/gems/actionpack-4.2.0/lib/action_dispatch/middleware/templates/rescues/unknown_action.html.erb within rescues/layout (1.0ms)
  Rendered /Users/Home/.rbenv/versions/2.2.0/lib/ruby/gems/2.2.0/gems/web-console-2.2.1/lib/web_console/templates/_markup.html.erb (0.7ms)
  Rendered /Users/Home/.rbenv/versions/2.2.0/lib/ruby/gems/2.2.0/gems/web-console-2.2.1/lib/web_console/templates/_inner_console_markup.html.erb within layouts/inlined_string (0.8ms)
  Rendered /Users/Home/.rbenv/versions/2.2.0/lib/ruby/gems/2.2.0/gems/web-console-2.2.1/lib/web_console/templates/_prompt_box_markup.html.erb within layouts/inlined_string (2.4ms)
  Rendered /Users/Home/.rbenv/versions/2.2.0/lib/ruby/gems/2.2.0/gems/web-console-2.2.1/lib/web_console/templates/style.css.erb within layouts/inlined_string (0.5ms)
  Rendered /Users/Home/.rbenv/versions/2.2.0/lib/ruby/gems/2.2.0/gems/web-console-2.2.1/lib/web_console/templates/console.js.erb within layouts/javascript (108.7ms)
  Rendered /Users/Home/.rbenv/versions/2.2.0/lib/ruby/gems/2.2.0/gems/web-console-2.2.1/lib/web_console/templates/main.js.erb within layouts/javascript (0.6ms)
  Rendered /Users/Home/.rbenv/versions/2.2.0/lib/ruby/gems/2.2.0/gems/web-console-2.2.1/lib/web_console/templates/error_page.js.erb within layouts/javascript (0.6ms)
  Rendered /Users/Home/.rbenv/versions/2.2.0/lib/ruby/gems/2.2.0/gems/web-console-2.2.1/lib/web_console/templates/index.html.erb (245.8ms)


Started GET "/" for ::1 at 2015-08-08 14:35:54 -0700
  [1m[36mActiveRecord::SchemaMigration Load (0.2ms)[0m  [1mSELECT "schema_migrations".* FROM "schema_migrations"[0m
Processing by Rails::WelcomeController#index as HTML
  Rendered /Users/Home/.rbenv/versions/2.2.0/lib/ruby/gems/2.2.0/gems/railties-4.2.0/lib/rails/templates/rails/welcome/index.html.erb (2.9ms)
Completed 200 OK in 138ms (Views: 103.2ms | ActiveRecord: 0.0ms)


Started GET "/login" for ::1 at 2015-08-08 14:36:14 -0700
Processing by SessionsController#new as HTML
  Rendered sessions/new.html.erb within layouts/application (92.3ms)
Completed 200 OK in 560ms (Views: 558.7ms | ActiveRecord: 0.0ms)


Started GET "/assets/application.self-e80e8f2318043e8af94dddc2adad5a4f09739a8ebb323b3ab31cd71d45fd9113.css?body=1" for ::1 at 2015-08-08 14:36:15 -0700


Started GET "/assets/jquery.self-d03a5518f45df77341bdbe6201ba3bfa547ebba8ed64f0ea56bfa5f96ea7c074.js?body=1" for ::1 at 2015-08-08 14:36:15 -0700


Started GET "/assets/sessions.self-e3b0c44298fc1c149afbf4c8996fb92427ae41e4649b934ca495991b7852b855.css?body=1" for ::1 at 2015-08-08 14:36:15 -0700


Started GET "/assets/turbolinks.self-c37727e9bd6b2735da5c311aa83fead54ed0be6cc8bd9a65309e9c5abe2cbfff.js?body=1" for ::1 at 2015-08-08 14:36:15 -0700


Started GET "/assets/sessions.self-877aef30ae1b040ab8a3aba4e3e309a11d7f2612f44dde450b5c157aa5f95c05.js?body=1" for ::1 at 2015-08-08 14:36:15 -0700


Started GET "/assets/application.self-3a3c8b61bda630ee689740ce7cbd0dd8ea6fdd45e2c42eef4661ab38cf268afe.js?body=1" for ::1 at 2015-08-08 14:36:15 -0700


Started GET "/assets/jquery_ujs.self-ca5248a2fad13d6bd58ea121318d642f195f0b2dd818b30615f785ff365e8d1f.js?body=1" for ::1 at 2015-08-08 14:36:15 -0700
  [1m[36mActiveRecord::SchemaMigration Load (0.1ms)[0m  [1mSELECT "schema_migrations".* FROM "schema_migrations"[0m
Migrating to AddRememberTokenToUsers (20150808213842)
  [1m[35m (0.1ms)[0m  begin transaction
  [1m[36m (18.9ms)[0m  [1mALTER TABLE "users" ADD "remember_token" varchar[0m
  [1m[35m (0.1ms)[0m  select sqlite_version(*)
  [1m[36m (17.4ms)[0m  [1mCREATE  INDEX "index_users_on_remember_token" ON "users" ("remember_token")[0m
  [1m[35mSQL (0.3ms)[0m  INSERT INTO "schema_migrations" ("version") VALUES (?)  [["version", "20150808213842"]]
  [1m[36m (3.2ms)[0m  [1mcommit transaction[0m
  [1m[35mActiveRecord::SchemaMigration Load (0.1ms)[0m  SELECT "schema_migrations".* FROM "schema_migrations"
  [1m[36m (0.2ms)[0m  [1m            SELECT sql
            FROM sqlite_master
            WHERE name='index_users_on_remember_token' AND type='index'
            UNION ALL
            SELECT sql
            FROM sqlite_temp_master
            WHERE name='index_users_on_remember_token' AND type='index'
[0m
  [1m[36mActiveRecord::SchemaMigration Load (0.2ms)[0m  [1mSELECT "schema_migrations".* FROM "schema_migrations"[0m
Migrating to CreatePosts (20150808220154)
  [1m[35m (0.1ms)[0m  begin transaction
  [1m[36m (0.5ms)[0m  [1mCREATE TABLE "posts" ("id" INTEGER PRIMARY KEY AUTOINCREMENT NOT NULL, "title" varchar, "body" text, "created_at" datetime NOT NULL, "updated_at" datetime NOT NULL) [0m
  [1m[35mSQL (0.2ms)[0m  INSERT INTO "schema_migrations" ("version") VALUES (?)  [["version", "20150808220154"]]
  [1m[36m (3.2ms)[0m  [1mcommit transaction[0m
  [1m[35mActiveRecord::SchemaMigration Load (0.1ms)[0m  SELECT "schema_migrations".* FROM "schema_migrations"
  [1m[36m (0.2ms)[0m  [1m            SELECT sql
            FROM sqlite_master
            WHERE name='index_users_on_remember_token' AND type='index'
            UNION ALL
            SELECT sql
            FROM sqlite_temp_master
            WHERE name='index_users_on_remember_token' AND type='index'
[0m
  [1m[36mActiveRecord::SchemaMigration Load (0.2ms)[0m  [1mSELECT "schema_migrations".* FROM "schema_migrations"[0m
Migrating to AddForeignKeyToPost (20150808220419)
  [1m[35m (0.1ms)[0m  begin transaction
  [1m[36m (0.5ms)[0m  [1mALTER TABLE "posts" ADD "user_id" integer[0m
  [1m[35m (0.1ms)[0m  select sqlite_version(*)
  [1m[36m (0.1ms)[0m  [1mCREATE  INDEX "index_posts_on_user_id" ON "posts" ("user_id")[0m
  [1m[35mSQL (0.3ms)[0m  INSERT INTO "schema_migrations" ("version") VALUES (?)  [["version", "20150808220419"]]
  [1m[36m (2.1ms)[0m  [1mcommit transaction[0m
  [1m[35mActiveRecord::SchemaMigration Load (0.1ms)[0m  SELECT "schema_migrations".* FROM "schema_migrations"
  [1m[36m (0.1ms)[0m  [1m            SELECT sql
            FROM sqlite_master
            WHERE name='index_posts_on_user_id' AND type='index'
            UNION ALL
            SELECT sql
            FROM sqlite_temp_master
            WHERE name='index_posts_on_user_id' AND type='index'
[0m
  [1m[35m (0.1ms)[0m              SELECT sql
            FROM sqlite_master
            WHERE name='index_users_on_remember_token' AND type='index'
            UNION ALL
            SELECT sql
            FROM sqlite_temp_master
            WHERE name='index_users_on_remember_token' AND type='index'



Started GET "/login" for 127.0.0.1 at 2015-08-08 18:20:47 -0700
  [1m[35mActiveRecord::SchemaMigration Load (0.2ms)[0m  SELECT "schema_migrations".* FROM "schema_migrations"
Processing by SessionsController#new as HTML
  Rendered sessions/new.html.erb within layouts/application (2.5ms)
Completed 200 OK in 380ms (Views: 377.6ms | ActiveRecord: 0.0ms)


Started GET "/assets/posts.self-e3b0c44298fc1c149afbf4c8996fb92427ae41e4649b934ca495991b7852b855.css?body=1" for 127.0.0.1 at 2015-08-08 18:20:48 -0700


Started GET "/assets/application.self-e80e8f2318043e8af94dddc2adad5a4f09739a8ebb323b3ab31cd71d45fd9113.css?body=1" for 127.0.0.1 at 2015-08-08 18:20:48 -0700


Started GET "/assets/posts.self-877aef30ae1b040ab8a3aba4e3e309a11d7f2612f44dde450b5c157aa5f95c05.js?body=1" for 127.0.0.1 at 2015-08-08 18:20:48 -0700


Started GET "/assets/sessions.self-e3b0c44298fc1c149afbf4c8996fb92427ae41e4649b934ca495991b7852b855.css?body=1" for 127.0.0.1 at 2015-08-08 18:20:48 -0700


Started GET "/assets/jquery_ujs.self-ca5248a2fad13d6bd58ea121318d642f195f0b2dd818b30615f785ff365e8d1f.js?body=1" for 127.0.0.1 at 2015-08-08 18:20:48 -0700


Started GET "/assets/jquery.self-d03a5518f45df77341bdbe6201ba3bfa547ebba8ed64f0ea56bfa5f96ea7c074.js?body=1" for 127.0.0.1 at 2015-08-08 18:20:48 -0700


Started GET "/assets/sessions.self-877aef30ae1b040ab8a3aba4e3e309a11d7f2612f44dde450b5c157aa5f95c05.js?body=1" for 127.0.0.1 at 2015-08-08 18:20:48 -0700


Started GET "/assets/turbolinks.self-c37727e9bd6b2735da5c311aa83fead54ed0be6cc8bd9a65309e9c5abe2cbfff.js?body=1" for 127.0.0.1 at 2015-08-08 18:20:48 -0700


Started GET "/assets/application.self-3a3c8b61bda630ee689740ce7cbd0dd8ea6fdd45e2c42eef4661ab38cf268afe.js?body=1" for 127.0.0.1 at 2015-08-08 18:20:48 -0700


Started GET "/login" for 127.0.0.1 at 2015-08-08 18:21:03 -0700
  [1m[36mActiveRecord::SchemaMigration Load (0.2ms)[0m  [1mSELECT "schema_migrations".* FROM "schema_migrations"[0m
Processing by SessionsController#new as HTML
  Rendered sessions/new.html.erb within layouts/application (20.7ms)
Completed 200 OK in 342ms (Views: 325.1ms | ActiveRecord: 0.0ms)


Started GET "/assets/application.self-e80e8f2318043e8af94dddc2adad5a4f09739a8ebb323b3ab31cd71d45fd9113.css?body=1" for 127.0.0.1 at 2015-08-08 18:21:03 -0700


Started GET "/assets/sessions.self-e3b0c44298fc1c149afbf4c8996fb92427ae41e4649b934ca495991b7852b855.css?body=1" for 127.0.0.1 at 2015-08-08 18:21:04 -0700


Started GET "/assets/jquery_ujs.self-ca5248a2fad13d6bd58ea121318d642f195f0b2dd818b30615f785ff365e8d1f.js?body=1" for 127.0.0.1 at 2015-08-08 18:21:04 -0700


Started GET "/assets/posts.self-877aef30ae1b040ab8a3aba4e3e309a11d7f2612f44dde450b5c157aa5f95c05.js?body=1" for 127.0.0.1 at 2015-08-08 18:21:04 -0700


Started GET "/assets/turbolinks.self-c37727e9bd6b2735da5c311aa83fead54ed0be6cc8bd9a65309e9c5abe2cbfff.js?body=1" for 127.0.0.1 at 2015-08-08 18:21:04 -0700


Started GET "/assets/application.self-3a3c8b61bda630ee689740ce7cbd0dd8ea6fdd45e2c42eef4661ab38cf268afe.js?body=1" for 127.0.0.1 at 2015-08-08 18:21:04 -0700


Started GET "/assets/jquery.self-d03a5518f45df77341bdbe6201ba3bfa547ebba8ed64f0ea56bfa5f96ea7c074.js?body=1" for 127.0.0.1 at 2015-08-08 18:21:04 -0700


Started GET "/assets/posts.self-e3b0c44298fc1c149afbf4c8996fb92427ae41e4649b934ca495991b7852b855.css?body=1" for 127.0.0.1 at 2015-08-08 18:21:04 -0700


Started GET "/assets/sessions.self-877aef30ae1b040ab8a3aba4e3e309a11d7f2612f44dde450b5c157aa5f95c05.js?body=1" for 127.0.0.1 at 2015-08-08 18:21:04 -0700


Started GET "/" for 127.0.0.1 at 2015-08-08 18:21:06 -0700
Processing by PostsController#index as HTML
  [1m[35mUser Load (0.4ms)[0m  SELECT  "users".* FROM "users" WHERE "users"."remember_token" = ? LIMIT 1  [["remember_token", "da39a3ee5e6b4b0d3255bfef95601890afd80709"]]
  [1m[36mPost Load (0.3ms)[0m  [1mSELECT "posts".* FROM "posts"[0m
  Rendered posts/index.html.erb within layouts/application (132.6ms)
Completed 500 Internal Server Error in 202ms

ActionView::Template::Error (undefined local variable or method `signin_path' for #<#<Class:0x00000101643050>:0x00000108ab8c28>):
    2:   <% if signed_in? %>
    3:   <%= link_to "(#{current_user.name}) Sign out", signout_path, method: "delete" %>
    4:   <% else %>
    5:     <%= link_to 'Sign in', signin_path %>
    6:   <% end %>
    7: </div>
    8: 
  app/views/posts/index.html.erb:5:in `_app_views_posts_index_html_erb__3197346542713879230_2220236420'


  Rendered /Users/Home/.rbenv/versions/2.2.0/lib/ruby/gems/2.2.0/gems/actionpack-4.2.0/lib/action_dispatch/middleware/templates/rescues/_source.erb (20.1ms)
  Rendered /Users/Home/.rbenv/versions/2.2.0/lib/ruby/gems/2.2.0/gems/actionpack-4.2.0/lib/action_dispatch/middleware/templates/rescues/_trace.html.erb (14.7ms)
  Rendered /Users/Home/.rbenv/versions/2.2.0/lib/ruby/gems/2.2.0/gems/actionpack-4.2.0/lib/action_dispatch/middleware/templates/rescues/_request_and_response.html.erb (3.7ms)
  Rendered /Users/Home/.rbenv/versions/2.2.0/lib/ruby/gems/2.2.0/gems/actionpack-4.2.0/lib/action_dispatch/middleware/templates/rescues/template_error.html.erb within rescues/layout (178.7ms)
  Rendered /Users/Home/.rbenv/versions/2.2.0/lib/ruby/gems/2.2.0/gems/web-console-2.2.1/lib/web_console/templates/_markup.html.erb (1.4ms)
  Rendered /Users/Home/.rbenv/versions/2.2.0/lib/ruby/gems/2.2.0/gems/web-console-2.2.1/lib/web_console/templates/_inner_console_markup.html.erb within layouts/inlined_string (0.7ms)
  Rendered /Users/Home/.rbenv/versions/2.2.0/lib/ruby/gems/2.2.0/gems/web-console-2.2.1/lib/web_console/templates/_prompt_box_markup.html.erb within layouts/inlined_string (0.5ms)
  Rendered /Users/Home/.rbenv/versions/2.2.0/lib/ruby/gems/2.2.0/gems/web-console-2.2.1/lib/web_console/templates/style.css.erb within layouts/inlined_string (0.5ms)
  Rendered /Users/Home/.rbenv/versions/2.2.0/lib/ruby/gems/2.2.0/gems/web-console-2.2.1/lib/web_console/templates/console.js.erb within layouts/javascript (134.2ms)
  Rendered /Users/Home/.rbenv/versions/2.2.0/lib/ruby/gems/2.2.0/gems/web-console-2.2.1/lib/web_console/templates/main.js.erb within layouts/javascript (0.5ms)
  Rendered /Users/Home/.rbenv/versions/2.2.0/lib/ruby/gems/2.2.0/gems/web-console-2.2.1/lib/web_console/templates/error_page.js.erb within layouts/javascript (0.7ms)
  Rendered /Users/Home/.rbenv/versions/2.2.0/lib/ruby/gems/2.2.0/gems/web-console-2.2.1/lib/web_console/templates/index.html.erb (320.4ms)


Started GET "/" for 127.0.0.1 at 2015-08-08 18:23:14 -0700
Processing by PostsController#index as HTML
  [1m[35mUser Load (0.3ms)[0m  SELECT  "users".* FROM "users" WHERE "users"."remember_token" = ? LIMIT 1  [["remember_token", "da39a3ee5e6b4b0d3255bfef95601890afd80709"]]
  [1m[36mPost Load (0.2ms)[0m  [1mSELECT "posts".* FROM "posts"[0m
  [1m[35mCACHE (0.0ms)[0m  SELECT  "users".* FROM "users" WHERE "users"."remember_token" = ? LIMIT 1  [["remember_token", "da39a3ee5e6b4b0d3255bfef95601890afd80709"]]
  Rendered posts/index.html.erb within layouts/application (10.5ms)
Completed 200 OK in 96ms (Views: 83.4ms | ActiveRecord: 1.0ms)


Started GET "/assets/posts.self-e3b0c44298fc1c149afbf4c8996fb92427ae41e4649b934ca495991b7852b855.css?body=1" for 127.0.0.1 at 2015-08-08 18:23:15 -0700


Started GET "/assets/jquery.self-d03a5518f45df77341bdbe6201ba3bfa547ebba8ed64f0ea56bfa5f96ea7c074.js?body=1" for 127.0.0.1 at 2015-08-08 18:23:15 -0700


Started GET "/assets/sessions.self-e3b0c44298fc1c149afbf4c8996fb92427ae41e4649b934ca495991b7852b855.css?body=1" for 127.0.0.1 at 2015-08-08 18:23:15 -0700


Started GET "/assets/application.self-e80e8f2318043e8af94dddc2adad5a4f09739a8ebb323b3ab31cd71d45fd9113.css?body=1" for 127.0.0.1 at 2015-08-08 18:23:15 -0700


Started GET "/assets/turbolinks.self-c37727e9bd6b2735da5c311aa83fead54ed0be6cc8bd9a65309e9c5abe2cbfff.js?body=1" for 127.0.0.1 at 2015-08-08 18:23:15 -0700


Started GET "/assets/sessions.self-877aef30ae1b040ab8a3aba4e3e309a11d7f2612f44dde450b5c157aa5f95c05.js?body=1" for 127.0.0.1 at 2015-08-08 18:23:15 -0700


Started GET "/assets/posts.self-877aef30ae1b040ab8a3aba4e3e309a11d7f2612f44dde450b5c157aa5f95c05.js?body=1" for 127.0.0.1 at 2015-08-08 18:23:15 -0700


Started GET "/assets/jquery_ujs.self-ca5248a2fad13d6bd58ea121318d642f195f0b2dd818b30615f785ff365e8d1f.js?body=1" for 127.0.0.1 at 2015-08-08 18:23:15 -0700


Started GET "/assets/application.self-3a3c8b61bda630ee689740ce7cbd0dd8ea6fdd45e2c42eef4661ab38cf268afe.js?body=1" for 127.0.0.1 at 2015-08-08 18:23:15 -0700


Started GET "/login" for 127.0.0.1 at 2015-08-08 18:23:19 -0700
Processing by SessionsController#new as HTML
  Rendered sessions/new.html.erb within layouts/application (2.5ms)
Completed 200 OK in 63ms (Views: 62.0ms | ActiveRecord: 0.0ms)


Started POST "/login" for 127.0.0.1 at 2015-08-08 18:23:25 -0700
Processing by SessionsController#create as HTML
  Parameters: {"utf8"=>"✓", "authenticity_token"=>"Od2mJETpXpOUzfXulqSv4jpCalIsHoXHa/JWGURErofZSED3FWeL/AENZ1CfHkdSGrHhoLKCnkYui1wkNDQeDQ==", "session"=>{"email"=>"abc@yahoo.com", "password"=>"[FILTERED]"}, "commit"=>"Log in"}
  [1m[36mUser Load (0.3ms)[0m  [1mSELECT  "users".* FROM "users" WHERE "users"."email" = ? LIMIT 1[0m  [["email", "abc@yahoo.com"]]
  Rendered sessions/new.html.erb within layouts/application (1.4ms)
Completed 200 OK in 61ms (Views: 58.7ms | ActiveRecord: 0.3ms)


Started GET "/login" for 127.0.0.1 at 2015-08-08 18:23:31 -0700
Processing by SessionsController#new as HTML
  Rendered sessions/new.html.erb within layouts/application (1.5ms)
Completed 200 OK in 76ms (Views: 75.5ms | ActiveRecord: 0.0ms)


Started POST "/login" for 127.0.0.1 at 2015-08-08 18:23:44 -0700
Processing by SessionsController#create as HTML
  Parameters: {"utf8"=>"✓", "authenticity_token"=>"Zj4oK3PRpWNtakCBJknm69SUB3w9VLWcDfjx7iPvyqeGq874Il9wDPiq0j8v8w5b9GeMjqPIrh1IgfvTU596LQ==", "session"=>{"email"=>"abc@yahoo.com", "password"=>"[FILTERED]"}, "commit"=>"Log in"}
  [1m[35mUser Load (0.2ms)[0m  SELECT  "users".* FROM "users" WHERE "users"."email" = ? LIMIT 1  [["email", "abc@yahoo.com"]]
  Rendered sessions/new.html.erb within layouts/application (1.5ms)
Completed 200 OK in 216ms (Views: 214.3ms | ActiveRecord: 0.2ms)


Started POST "/login" for ::1 at 2015-08-08 18:30:27 -0700
Processing by SessionsController#create as HTML
  Parameters: {"utf8"=>"✓", "authenticity_token"=>"F1b1FypUSW/74a/3faJLPq18V5QppNAyhaBjIKuqvHr3wxPEe9qcAG4hPUl0GKOOjY/cZrc4y7PA2Wkd29oM8A==", "session"=>{"email"=>"thor@email.com", "password"=>"[FILTERED]"}, "commit"=>"Log in"}
  [1m[36mUser Load (0.2ms)[0m  [1mSELECT  "users".* FROM "users" WHERE "users"."email" = ? LIMIT 1[0m  [["email", "thor@email.com"]]
  Rendered sessions/new.html.erb within layouts/application (1.6ms)
Completed 200 OK in 252ms (Views: 249.3ms | ActiveRecord: 0.2ms)


Started POST "/login" for ::1 at 2015-08-08 18:31:52 -0700
Processing by SessionsController#create as HTML
  Parameters: {"utf8"=>"✓", "authenticity_token"=>"Chnv6+bDX38PNy8dd+5tsGVMcpdOujR6ErUEUUu/B5DqjAk4t02KEJr3vaN+VIUARb/5ZdAmL/tXzA5sO8+3Gg==", "session"=>{"email"=>"foo@bar.com", "password"=>"[FILTERED]"}, "commit"=>"Log in"}
  [1m[35mUser Load (0.2ms)[0m  SELECT  "users".* FROM "users" WHERE "users"."email" = ? LIMIT 1  [["email", "foo@bar.com"]]
  [1m[36m (0.1ms)[0m  [1mbegin transaction[0m
  [1m[35mSQL (0.5ms)[0m  UPDATE "users" SET "remember_token" = ?, "updated_at" = ? WHERE "users"."id" = ?  [["remember_token", "9d89a3ab578033da70f0af1a5048c55420ddc183"], ["updated_at", "2015-08-09 01:31:52.835508"], ["id", 1]]
  [1m[36m (2.2ms)[0m  [1mcommit transaction[0m
Redirected to http://localhost:3000/
Completed 302 Found in 128ms (ActiveRecord: 3.3ms)


Started GET "/" for ::1 at 2015-08-08 18:31:52 -0700
Processing by PostsController#index as HTML
  [1m[35mUser Load (0.2ms)[0m  SELECT  "users".* FROM "users" WHERE "users"."remember_token" = ? LIMIT 1  [["remember_token", "9d89a3ab578033da70f0af1a5048c55420ddc183"]]
  [1m[36mPost Load (0.2ms)[0m  [1mSELECT "posts".* FROM "posts"[0m
  Rendered posts/index.html.erb within layouts/application (24.1ms)
Completed 500 Internal Server Error in 31ms

ActionView::Template::Error (undefined local variable or method `new_post_path' for #<#<Class:0x000001065dc5a8>:0x00000108b6e280>):
    20: <% end %>
    21: 
    22: <% if signed_in? %>
    23:   <%= link_to "Create a Post", new_post_path %>
    24: <% end %>
  app/views/posts/index.html.erb:23:in `_app_views_posts_index_html_erb__3197346542713879230_2220454980'


  Rendered /Users/Home/.rbenv/versions/2.2.0/lib/ruby/gems/2.2.0/gems/actionpack-4.2.0/lib/action_dispatch/middleware/templates/rescues/_source.erb (13.0ms)
  Rendered /Users/Home/.rbenv/versions/2.2.0/lib/ruby/gems/2.2.0/gems/actionpack-4.2.0/lib/action_dispatch/middleware/templates/rescues/_trace.html.erb (4.7ms)
  Rendered /Users/Home/.rbenv/versions/2.2.0/lib/ruby/gems/2.2.0/gems/actionpack-4.2.0/lib/action_dispatch/middleware/templates/rescues/_request_and_response.html.erb (1.4ms)
  Rendered /Users/Home/.rbenv/versions/2.2.0/lib/ruby/gems/2.2.0/gems/actionpack-4.2.0/lib/action_dispatch/middleware/templates/rescues/template_error.html.erb within rescues/layout (123.2ms)
  Rendered /Users/Home/.rbenv/versions/2.2.0/lib/ruby/gems/2.2.0/gems/web-console-2.2.1/lib/web_console/templates/_markup.html.erb (0.6ms)
  Rendered /Users/Home/.rbenv/versions/2.2.0/lib/ruby/gems/2.2.0/gems/web-console-2.2.1/lib/web_console/templates/_inner_console_markup.html.erb within layouts/inlined_string (0.5ms)
  Rendered /Users/Home/.rbenv/versions/2.2.0/lib/ruby/gems/2.2.0/gems/web-console-2.2.1/lib/web_console/templates/_prompt_box_markup.html.erb within layouts/inlined_string (0.5ms)
  Rendered /Users/Home/.rbenv/versions/2.2.0/lib/ruby/gems/2.2.0/gems/web-console-2.2.1/lib/web_console/templates/style.css.erb within layouts/inlined_string (0.5ms)
  Rendered /Users/Home/.rbenv/versions/2.2.0/lib/ruby/gems/2.2.0/gems/web-console-2.2.1/lib/web_console/templates/console.js.erb within layouts/javascript (102.9ms)
  Rendered /Users/Home/.rbenv/versions/2.2.0/lib/ruby/gems/2.2.0/gems/web-console-2.2.1/lib/web_console/templates/main.js.erb within layouts/javascript (0.5ms)
  Rendered /Users/Home/.rbenv/versions/2.2.0/lib/ruby/gems/2.2.0/gems/web-console-2.2.1/lib/web_console/templates/error_page.js.erb within layouts/javascript (0.6ms)
  Rendered /Users/Home/.rbenv/versions/2.2.0/lib/ruby/gems/2.2.0/gems/web-console-2.2.1/lib/web_console/templates/index.html.erb (237.7ms)


Started GET "/" for 127.0.0.1 at 2015-08-08 20:45:13 -0700
Processing by PostsController#index as HTML
  [1m[35mUser Load (0.3ms)[0m  SELECT  "users".* FROM "users" WHERE "users"."remember_token" = ? LIMIT 1  [["remember_token", "9d89a3ab578033da70f0af1a5048c55420ddc183"]]
  [1m[36mPost Load (0.2ms)[0m  [1mSELECT "posts".* FROM "posts"[0m
  Rendered posts/index.html.erb within layouts/application (14.9ms)
Completed 200 OK in 81ms (Views: 75.4ms | ActiveRecord: 1.3ms)


Started GET "/assets/sessions.self-e3b0c44298fc1c149afbf4c8996fb92427ae41e4649b934ca495991b7852b855.css?body=1" for 127.0.0.1 at 2015-08-08 20:45:13 -0700


Started GET "/assets/jquery_ujs.self-ca5248a2fad13d6bd58ea121318d642f195f0b2dd818b30615f785ff365e8d1f.js?body=1" for 127.0.0.1 at 2015-08-08 20:45:13 -0700


Started GET "/assets/posts.self-e3b0c44298fc1c149afbf4c8996fb92427ae41e4649b934ca495991b7852b855.css?body=1" for 127.0.0.1 at 2015-08-08 20:45:13 -0700


Started GET "/assets/jquery.self-d03a5518f45df77341bdbe6201ba3bfa547ebba8ed64f0ea56bfa5f96ea7c074.js?body=1" for 127.0.0.1 at 2015-08-08 20:45:13 -0700


Started GET "/assets/application.self-e80e8f2318043e8af94dddc2adad5a4f09739a8ebb323b3ab31cd71d45fd9113.css?body=1" for 127.0.0.1 at 2015-08-08 20:45:13 -0700


Started GET "/assets/posts.self-877aef30ae1b040ab8a3aba4e3e309a11d7f2612f44dde450b5c157aa5f95c05.js?body=1" for 127.0.0.1 at 2015-08-08 20:45:13 -0700


Started GET "/assets/turbolinks.self-c37727e9bd6b2735da5c311aa83fead54ed0be6cc8bd9a65309e9c5abe2cbfff.js?body=1" for 127.0.0.1 at 2015-08-08 20:45:13 -0700


Started GET "/assets/sessions.self-877aef30ae1b040ab8a3aba4e3e309a11d7f2612f44dde450b5c157aa5f95c05.js?body=1" for 127.0.0.1 at 2015-08-08 20:45:13 -0700


Started GET "/assets/application.self-3a3c8b61bda630ee689740ce7cbd0dd8ea6fdd45e2c42eef4661ab38cf268afe.js?body=1" for 127.0.0.1 at 2015-08-08 20:45:13 -0700


Started GET "/posts/new" for 127.0.0.1 at 2015-08-08 20:45:17 -0700
Processing by PostsController#new as HTML
  [1m[35mUser Load (0.2ms)[0m  SELECT  "users".* FROM "users" WHERE "users"."remember_token" = ? LIMIT 1  [["remember_token", "9d89a3ab578033da70f0af1a5048c55420ddc183"]]
  Rendered posts/new.html.erb within layouts/application (81.8ms)
Completed 200 OK in 156ms (Views: 148.7ms | ActiveRecord: 0.3ms)


Started POST "/posts" for 127.0.0.1 at 2015-08-08 20:45:23 -0700
Processing by PostsController#create as HTML
  Parameters: {"utf8"=>"✓", "authenticity_token"=>"Lc+nb6gTYPvT5FA96Hf6gYRD8nTMFBi1NfVb34YI+UHNWkG8+Z21lEYkwoPhzRIxpLB5hlKIAzRwjFHi9nhJyw==", "post"=>{"title"=>"Jing", "body"=>"Jong"}, "commit"=>"Create Post"}
  [1m[36mUser Load (0.2ms)[0m  [1mSELECT  "users".* FROM "users" WHERE "users"."remember_token" = ? LIMIT 1[0m  [["remember_token", "9d89a3ab578033da70f0af1a5048c55420ddc183"]]
Completed 500 Internal Server Error in 9ms

NameError (undefined local variable or method `post_params' for #<PostsController:0x00000108857a10>):
  app/controllers/posts_controller.rb:19:in `create'


  Rendered /Users/Home/.rbenv/versions/2.2.0/lib/ruby/gems/2.2.0/gems/actionpack-4.2.0/lib/action_dispatch/middleware/templates/rescues/_source.erb (9.9ms)
  Rendered /Users/Home/.rbenv/versions/2.2.0/lib/ruby/gems/2.2.0/gems/actionpack-4.2.0/lib/action_dispatch/middleware/templates/rescues/_trace.html.erb (4.9ms)
  Rendered /Users/Home/.rbenv/versions/2.2.0/lib/ruby/gems/2.2.0/gems/actionpack-4.2.0/lib/action_dispatch/middleware/templates/rescues/_request_and_response.html.erb (1.7ms)
  Rendered /Users/Home/.rbenv/versions/2.2.0/lib/ruby/gems/2.2.0/gems/actionpack-4.2.0/lib/action_dispatch/middleware/templates/rescues/diagnostics.html.erb within rescues/layout (129.8ms)
  Rendered /Users/Home/.rbenv/versions/2.2.0/lib/ruby/gems/2.2.0/gems/web-console-2.2.1/lib/web_console/templates/_markup.html.erb (0.7ms)
  Rendered /Users/Home/.rbenv/versions/2.2.0/lib/ruby/gems/2.2.0/gems/web-console-2.2.1/lib/web_console/templates/_inner_console_markup.html.erb within layouts/inlined_string (1.3ms)
  Rendered /Users/Home/.rbenv/versions/2.2.0/lib/ruby/gems/2.2.0/gems/web-console-2.2.1/lib/web_console/templates/_prompt_box_markup.html.erb within layouts/inlined_string (0.6ms)
  Rendered /Users/Home/.rbenv/versions/2.2.0/lib/ruby/gems/2.2.0/gems/web-console-2.2.1/lib/web_console/templates/style.css.erb within layouts/inlined_string (0.5ms)
  Rendered /Users/Home/.rbenv/versions/2.2.0/lib/ruby/gems/2.2.0/gems/web-console-2.2.1/lib/web_console/templates/console.js.erb within layouts/javascript (112.6ms)
  Rendered /Users/Home/.rbenv/versions/2.2.0/lib/ruby/gems/2.2.0/gems/web-console-2.2.1/lib/web_console/templates/main.js.erb within layouts/javascript (0.5ms)
  Rendered /Users/Home/.rbenv/versions/2.2.0/lib/ruby/gems/2.2.0/gems/web-console-2.2.1/lib/web_console/templates/error_page.js.erb within layouts/javascript (0.6ms)
  Rendered /Users/Home/.rbenv/versions/2.2.0/lib/ruby/gems/2.2.0/gems/web-console-2.2.1/lib/web_console/templates/index.html.erb (241.8ms)


Started POST "/posts" for 127.0.0.1 at 2015-08-08 20:50:58 -0700
Processing by PostsController#create as HTML
  Parameters: {"utf8"=>"✓", "authenticity_token"=>"Lc+nb6gTYPvT5FA96Hf6gYRD8nTMFBi1NfVb34YI+UHNWkG8+Z21lEYkwoPhzRIxpLB5hlKIAzRwjFHi9nhJyw==", "post"=>{"title"=>"Jing", "body"=>"Jong"}, "commit"=>"Create Post"}
  [1m[35mUser Load (0.2ms)[0m  SELECT  "users".* FROM "users" WHERE "users"."remember_token" = ? LIMIT 1  [["remember_token", "9d89a3ab578033da70f0af1a5048c55420ddc183"]]
Completed 500 Internal Server Error in 24ms

ActiveModel::ForbiddenAttributesError (ActiveModel::ForbiddenAttributesError):
  app/controllers/posts_controller.rb:19:in `create'


  Rendered /Users/Home/.rbenv/versions/2.2.0/lib/ruby/gems/2.2.0/gems/actionpack-4.2.0/lib/action_dispatch/middleware/templates/rescues/_source.erb (10.1ms)
  Rendered /Users/Home/.rbenv/versions/2.2.0/lib/ruby/gems/2.2.0/gems/actionpack-4.2.0/lib/action_dispatch/middleware/templates/rescues/_trace.html.erb (4.8ms)
  Rendered /Users/Home/.rbenv/versions/2.2.0/lib/ruby/gems/2.2.0/gems/actionpack-4.2.0/lib/action_dispatch/middleware/templates/rescues/_request_and_response.html.erb (3.4ms)
  Rendered /Users/Home/.rbenv/versions/2.2.0/lib/ruby/gems/2.2.0/gems/actionpack-4.2.0/lib/action_dispatch/middleware/templates/rescues/diagnostics.html.erb within rescues/layout (150.3ms)
  Rendered /Users/Home/.rbenv/versions/2.2.0/lib/ruby/gems/2.2.0/gems/web-console-2.2.1/lib/web_console/templates/_markup.html.erb (0.6ms)
  Rendered /Users/Home/.rbenv/versions/2.2.0/lib/ruby/gems/2.2.0/gems/web-console-2.2.1/lib/web_console/templates/_inner_console_markup.html.erb within layouts/inlined_string (0.6ms)
  Rendered /Users/Home/.rbenv/versions/2.2.0/lib/ruby/gems/2.2.0/gems/web-console-2.2.1/lib/web_console/templates/_prompt_box_markup.html.erb within layouts/inlined_string (0.5ms)
  Rendered /Users/Home/.rbenv/versions/2.2.0/lib/ruby/gems/2.2.0/gems/web-console-2.2.1/lib/web_console/templates/style.css.erb within layouts/inlined_string (0.5ms)
  Rendered /Users/Home/.rbenv/versions/2.2.0/lib/ruby/gems/2.2.0/gems/web-console-2.2.1/lib/web_console/templates/console.js.erb within layouts/javascript (104.0ms)
  Rendered /Users/Home/.rbenv/versions/2.2.0/lib/ruby/gems/2.2.0/gems/web-console-2.2.1/lib/web_console/templates/main.js.erb within layouts/javascript (0.5ms)
  Rendered /Users/Home/.rbenv/versions/2.2.0/lib/ruby/gems/2.2.0/gems/web-console-2.2.1/lib/web_console/templates/error_page.js.erb within layouts/javascript (0.7ms)
  Rendered /Users/Home/.rbenv/versions/2.2.0/lib/ruby/gems/2.2.0/gems/web-console-2.2.1/lib/web_console/templates/index.html.erb (241.3ms)


Started POST "/posts" for 127.0.0.1 at 2015-08-08 20:52:52 -0700
Processing by PostsController#create as HTML
  Parameters: {"utf8"=>"✓", "authenticity_token"=>"Lc+nb6gTYPvT5FA96Hf6gYRD8nTMFBi1NfVb34YI+UHNWkG8+Z21lEYkwoPhzRIxpLB5hlKIAzRwjFHi9nhJyw==", "post"=>{"title"=>"Jing", "body"=>"Jong"}, "commit"=>"Create Post"}
  [1m[36mUser Load (0.2ms)[0m  [1mSELECT  "users".* FROM "users" WHERE "users"."remember_token" = ? LIMIT 1[0m  [["remember_token", "9d89a3ab578033da70f0af1a5048c55420ddc183"]]
  [1m[35m (0.1ms)[0m  begin transaction
  [1m[36mSQL (0.5ms)[0m  [1mINSERT INTO "posts" ("title", "body", "user_id", "created_at", "updated_at") VALUES (?, ?, ?, ?, ?)[0m  [["title", "Jing"], ["body", "Jong"], ["user_id", 1], ["created_at", "2015-08-09 03:52:52.594225"], ["updated_at", "2015-08-09 03:52:52.594225"]]
  [1m[35m (2.9ms)[0m  commit transaction
Redirected to http://localhost:3000/
Completed 302 Found in 31ms (ActiveRecord: 4.6ms)


Started GET "/" for 127.0.0.1 at 2015-08-08 20:52:52 -0700
Processing by PostsController#index as HTML
  [1m[36mUser Load (0.2ms)[0m  [1mSELECT  "users".* FROM "users" WHERE "users"."remember_token" = ? LIMIT 1[0m  [["remember_token", "9d89a3ab578033da70f0af1a5048c55420ddc183"]]
  [1m[35mPost Load (0.2ms)[0m  SELECT "posts".* FROM "posts"
  [1m[36mUser Load (0.3ms)[0m  [1mSELECT  "users".* FROM "users" WHERE "users"."id" = ? LIMIT 1[0m  [["id", 1]]
  Rendered posts/index.html.erb within layouts/application (99.1ms)
Completed 200 OK in 165ms (Views: 163.8ms | ActiveRecord: 0.6ms)


Started GET "/assets/posts.self-e3b0c44298fc1c149afbf4c8996fb92427ae41e4649b934ca495991b7852b855.css?body=1" for 127.0.0.1 at 2015-08-08 20:52:53 -0700


Started GET "/assets/sessions.self-e3b0c44298fc1c149afbf4c8996fb92427ae41e4649b934ca495991b7852b855.css?body=1" for 127.0.0.1 at 2015-08-08 20:52:53 -0700


Started GET "/assets/jquery_ujs.self-ca5248a2fad13d6bd58ea121318d642f195f0b2dd818b30615f785ff365e8d1f.js?body=1" for 127.0.0.1 at 2015-08-08 20:52:53 -0700


Started GET "/assets/jquery.self-d03a5518f45df77341bdbe6201ba3bfa547ebba8ed64f0ea56bfa5f96ea7c074.js?body=1" for 127.0.0.1 at 2015-08-08 20:52:53 -0700


Started GET "/assets/posts.self-877aef30ae1b040ab8a3aba4e3e309a11d7f2612f44dde450b5c157aa5f95c05.js?body=1" for 127.0.0.1 at 2015-08-08 20:52:53 -0700


Started GET "/assets/application.self-e80e8f2318043e8af94dddc2adad5a4f09739a8ebb323b3ab31cd71d45fd9113.css?body=1" for 127.0.0.1 at 2015-08-08 20:52:53 -0700


Started GET "/assets/sessions.self-877aef30ae1b040ab8a3aba4e3e309a11d7f2612f44dde450b5c157aa5f95c05.js?body=1" for 127.0.0.1 at 2015-08-08 20:52:53 -0700


Started GET "/assets/turbolinks.self-c37727e9bd6b2735da5c311aa83fead54ed0be6cc8bd9a65309e9c5abe2cbfff.js?body=1" for 127.0.0.1 at 2015-08-08 20:52:53 -0700


Started GET "/assets/application.self-3a3c8b61bda630ee689740ce7cbd0dd8ea6fdd45e2c42eef4661ab38cf268afe.js?body=1" for 127.0.0.1 at 2015-08-08 20:52:53 -0700


Started GET "/posts/new" for 127.0.0.1 at 2015-08-08 20:52:57 -0700
Processing by PostsController#new as HTML
  [1m[35mUser Load (0.2ms)[0m  SELECT  "users".* FROM "users" WHERE "users"."remember_token" = ? LIMIT 1  [["remember_token", "9d89a3ab578033da70f0af1a5048c55420ddc183"]]
  Rendered posts/new.html.erb within layouts/application (6.0ms)
Completed 200 OK in 73ms (Views: 70.9ms | ActiveRecord: 0.2ms)


Started POST "/posts" for 127.0.0.1 at 2015-08-08 20:53:04 -0700
Processing by PostsController#create as HTML
  Parameters: {"utf8"=>"✓", "authenticity_token"=>"RH0/zeSIDbhwgjhYOpenC+MqvnHuk8dcieOehJAfg46k6NketQbY1+VCquYzLU+7w9k1g3AP3N3MmpS54G8zBA==", "post"=>{"title"=>"Hehaw", "body"=>"Hajl;asdfllasjdfl"}, "commit"=>"Create Post"}
  [1m[36mUser Load (0.2ms)[0m  [1mSELECT  "users".* FROM "users" WHERE "users"."remember_token" = ? LIMIT 1[0m  [["remember_token", "9d89a3ab578033da70f0af1a5048c55420ddc183"]]
  [1m[35m (0.1ms)[0m  begin transaction
  [1m[36mSQL (0.4ms)[0m  [1mINSERT INTO "posts" ("title", "body", "user_id", "created_at", "updated_at") VALUES (?, ?, ?, ?, ?)[0m  [["title", "Hehaw"], ["body", "Hajl;asdfllasjdfl"], ["user_id", 1], ["created_at", "2015-08-09 03:53:04.041993"], ["updated_at", "2015-08-09 03:53:04.041993"]]
  [1m[35m (2.3ms)[0m  commit transaction
Redirected to http://localhost:3000/
Completed 302 Found in 8ms (ActiveRecord: 3.0ms)


Started GET "/" for 127.0.0.1 at 2015-08-08 20:53:04 -0700
Processing by PostsController#index as HTML
  [1m[36mUser Load (0.2ms)[0m  [1mSELECT  "users".* FROM "users" WHERE "users"."remember_token" = ? LIMIT 1[0m  [["remember_token", "9d89a3ab578033da70f0af1a5048c55420ddc183"]]
  [1m[35mPost Load (0.2ms)[0m  SELECT "posts".* FROM "posts"
  [1m[36mUser Load (0.1ms)[0m  [1mSELECT  "users".* FROM "users" WHERE "users"."id" = ? LIMIT 1[0m  [["id", 1]]
  [1m[35mCACHE (0.0ms)[0m  SELECT  "users".* FROM "users" WHERE "users"."id" = ? LIMIT 1  [["id", 1]]
  Rendered posts/index.html.erb within layouts/application (3.4ms)
Completed 200 OK in 77ms (Views: 75.6ms | ActiveRecord: 0.5ms)


Started DELETE "/logout" for 127.0.0.1 at 2015-08-08 20:53:06 -0700
Processing by SessionsController#destroy as HTML
  Parameters: {"authenticity_token"=>"VFa+R4wzs/JZ7+UifncP1Q6WgDHPa471TFNTrYUU1uC0w1iU3b1mncwvd5x3zedlLmULw1H3lXQJKlmQ9WRmag=="}
  [1m[36mUser Load (0.2ms)[0m  [1mSELECT  "users".* FROM "users" WHERE "users"."remember_token" = ? LIMIT 1[0m  [["remember_token", "9d89a3ab578033da70f0af1a5048c55420ddc183"]]
  [1m[35m (0.1ms)[0m  begin transaction
  [1m[36mSQL (0.4ms)[0m  [1mUPDATE "users" SET "remember_token" = ?, "updated_at" = ? WHERE "users"."id" = ?[0m  [["remember_token", "9c225205502aae314d7b10ddb00a5f3e04f07a52"], ["updated_at", "2015-08-09 03:53:06.798408"], ["id", 1]]
  [1m[35m (2.1ms)[0m  commit transaction
Redirected to http://localhost:3000/
Completed 302 Found in 8ms (ActiveRecord: 2.8ms)


Started GET "/" for 127.0.0.1 at 2015-08-08 20:53:06 -0700
Processing by PostsController#index as HTML
  [1m[36mUser Load (0.2ms)[0m  [1mSELECT  "users".* FROM "users" WHERE "users"."remember_token" = ? LIMIT 1[0m  [["remember_token", "da39a3ee5e6b4b0d3255bfef95601890afd80709"]]
  [1m[35mPost Load (0.3ms)[0m  SELECT "posts".* FROM "posts"
  [1m[36mCACHE (0.0ms)[0m  [1mSELECT  "users".* FROM "users" WHERE "users"."remember_token" = ? LIMIT 1[0m  [["remember_token", "da39a3ee5e6b4b0d3255bfef95601890afd80709"]]
  [1m[35mCACHE (0.0ms)[0m  SELECT  "users".* FROM "users" WHERE "users"."remember_token" = ? LIMIT 1  [["remember_token", "da39a3ee5e6b4b0d3255bfef95601890afd80709"]]
  [1m[36mCACHE (0.0ms)[0m  [1mSELECT  "users".* FROM "users" WHERE "users"."remember_token" = ? LIMIT 1[0m  [["remember_token", "da39a3ee5e6b4b0d3255bfef95601890afd80709"]]
  Rendered posts/index.html.erb within layouts/application (3.1ms)
Completed 200 OK in 61ms (Views: 59.5ms | ActiveRecord: 0.5ms)


Started GET "/" for ::1 at 2015-08-17 19:08:42 -0700
  [1m[36mActiveRecord::SchemaMigration Load (0.2ms)[0m  [1mSELECT "schema_migrations".* FROM "schema_migrations"[0m
Processing by PostsController#index as HTML
  [1m[35mUser Load (0.7ms)[0m  SELECT  "users".* FROM "users" WHERE "users"."remember_token" = ? LIMIT 1  [["remember_token", "da39a3ee5e6b4b0d3255bfef95601890afd80709"]]
  [1m[36mPost Load (0.2ms)[0m  [1mSELECT "posts".* FROM "posts"[0m
  [1m[35mCACHE (0.0ms)[0m  SELECT  "users".* FROM "users" WHERE "users"."remember_token" = ? LIMIT 1  [["remember_token", "da39a3ee5e6b4b0d3255bfef95601890afd80709"]]
  [1m[36mCACHE (0.0ms)[0m  [1mSELECT  "users".* FROM "users" WHERE "users"."remember_token" = ? LIMIT 1[0m  [["remember_token", "da39a3ee5e6b4b0d3255bfef95601890afd80709"]]
  [1m[35mCACHE (0.0ms)[0m  SELECT  "users".* FROM "users" WHERE "users"."remember_token" = ? LIMIT 1  [["remember_token", "da39a3ee5e6b4b0d3255bfef95601890afd80709"]]
  Rendered posts/index.html.erb within layouts/application (55.7ms)
Completed 200 OK in 598ms (Views: 549.2ms | ActiveRecord: 1.5ms)


Started GET "/assets/posts.self-e3b0c44298fc1c149afbf4c8996fb92427ae41e4649b934ca495991b7852b855.css?body=1" for ::1 at 2015-08-17 19:08:43 -0700


Started GET "/assets/sessions.self-e3b0c44298fc1c149afbf4c8996fb92427ae41e4649b934ca495991b7852b855.css?body=1" for ::1 at 2015-08-17 19:08:43 -0700


Started GET "/assets/sessions.self-877aef30ae1b040ab8a3aba4e3e309a11d7f2612f44dde450b5c157aa5f95c05.js?body=1" for ::1 at 2015-08-17 19:08:43 -0700


Started GET "/assets/posts.self-877aef30ae1b040ab8a3aba4e3e309a11d7f2612f44dde450b5c157aa5f95c05.js?body=1" for ::1 at 2015-08-17 19:08:43 -0700


Started GET "/login" for ::1 at 2015-08-17 19:08:48 -0700
Processing by SessionsController#new as HTML
  Rendered sessions/new.html.erb within layouts/application (60.6ms)
Completed 200 OK in 139ms (Views: 137.9ms | ActiveRecord: 0.0ms)


Started POST "/login" for ::1 at 2015-08-17 19:09:17 -0700
Processing by SessionsController#create as HTML
  Parameters: {"utf8"=>"✓", "authenticity_token"=>"uwilQ8FWJ09aT12YatpiLt3nFOneonBX1/1xBkKwTsVf1i0ULqdi1Wb1+wCyv4fGo029gZFo5i36aJ+lm27ywA==", "session"=>{"email"=>"foo@bar.com", "password"=>"[FILTERED]"}, "commit"=>"Log in"}
  [1m[36mUser Load (0.3ms)[0m  [1mSELECT  "users".* FROM "users" WHERE "users"."email" = ? LIMIT 1[0m  [["email", "foo@bar.com"]]
  [1m[35m (0.6ms)[0m  begin transaction
  [1m[36mSQL (227.5ms)[0m  [1mUPDATE "users" SET "remember_token" = ?, "updated_at" = ? WHERE "users"."id" = ?[0m  [["remember_token", "22789dfbdd1d609f1624bd85a388a5093f11c2ca"], ["updated_at", "2015-08-18 02:09:17.577597"], ["id", 1]]
  [1m[35m (2.4ms)[0m  commit transaction
Redirected to http://localhost:3000/
Completed 302 Found in 593ms (ActiveRecord: 230.9ms)


Started GET "/" for ::1 at 2015-08-17 19:09:17 -0700
Processing by PostsController#index as HTML
  [1m[36mUser Load (0.2ms)[0m  [1mSELECT  "users".* FROM "users" WHERE "users"."remember_token" = ? LIMIT 1[0m  [["remember_token", "22789dfbdd1d609f1624bd85a388a5093f11c2ca"]]
  [1m[35mPost Load (0.2ms)[0m  SELECT "posts".* FROM "posts"
  [1m[36mUser Load (0.4ms)[0m  [1mSELECT  "users".* FROM "users" WHERE "users"."id" = ? LIMIT 1[0m  [["id", 1]]
  [1m[35mCACHE (0.0ms)[0m  SELECT  "users".* FROM "users" WHERE "users"."id" = ? LIMIT 1  [["id", 1]]
  Rendered posts/index.html.erb within layouts/application (83.5ms)
Completed 200 OK in 148ms (Views: 146.2ms | ActiveRecord: 0.8ms)


Started DELETE "/logout" for ::1 at 2015-08-17 19:09:21 -0700
Processing by SessionsController#destroy as HTML
  Parameters: {"authenticity_token"=>"01FotjYMYcg7WfSAVizxFaUGA6ZFojxuypuA7SjaAjE3j+Dh2f0kUgfjUhiOSRT926yqzgpoqhTnDm5O8QS+NA=="}
  [1m[36mUser Load (0.2ms)[0m  [1mSELECT  "users".* FROM "users" WHERE "users"."remember_token" = ? LIMIT 1[0m  [["remember_token", "22789dfbdd1d609f1624bd85a388a5093f11c2ca"]]
  [1m[35m (0.1ms)[0m  begin transaction
  [1m[36mSQL (0.5ms)[0m  [1mUPDATE "users" SET "remember_token" = ?, "updated_at" = ? WHERE "users"."id" = ?[0m  [["remember_token", "cc3a26bf64fbe6c8352ecc4209b891f8d328dcec"], ["updated_at", "2015-08-18 02:09:21.916131"], ["id", 1]]
  [1m[35m (8.4ms)[0m  commit transaction
Redirected to http://localhost:3000/
Completed 302 Found in 20ms (ActiveRecord: 9.2ms)


Started GET "/" for ::1 at 2015-08-17 19:09:21 -0700
Processing by PostsController#index as HTML
  [1m[36mUser Load (0.2ms)[0m  [1mSELECT  "users".* FROM "users" WHERE "users"."remember_token" = ? LIMIT 1[0m  [["remember_token", "da39a3ee5e6b4b0d3255bfef95601890afd80709"]]
  [1m[35mPost Load (0.3ms)[0m  SELECT "posts".* FROM "posts"
  [1m[36mCACHE (0.0ms)[0m  [1mSELECT  "users".* FROM "users" WHERE "users"."remember_token" = ? LIMIT 1[0m  [["remember_token", "da39a3ee5e6b4b0d3255bfef95601890afd80709"]]
  [1m[35mCACHE (0.0ms)[0m  SELECT  "users".* FROM "users" WHERE "users"."remember_token" = ? LIMIT 1  [["remember_token", "da39a3ee5e6b4b0d3255bfef95601890afd80709"]]
  [1m[36mCACHE (0.3ms)[0m  [1mSELECT  "users".* FROM "users" WHERE "users"."remember_token" = ? LIMIT 1[0m  [["remember_token", "da39a3ee5e6b4b0d3255bfef95601890afd80709"]]
  Rendered posts/index.html.erb within layouts/application (5.8ms)
Completed 200 OK in 99ms (Views: 96.6ms | ActiveRecord: 0.8ms)


Started GET "/login" for ::1 at 2015-08-17 19:09:23 -0700
Processing by SessionsController#new as HTML
  Rendered sessions/new.html.erb within layouts/application (2.5ms)
Completed 200 OK in 83ms (Views: 82.5ms | ActiveRecord: 0.0ms)


Started GET "/login" for ::1 at 2015-08-17 19:09:24 -0700
Processing by SessionsController#new as HTML
  Rendered sessions/new.html.erb within layouts/application (2.6ms)
Completed 200 OK in 81ms (Views: 79.5ms | ActiveRecord: 0.0ms)


Started GET "/login" for ::1 at 2015-08-17 19:09:31 -0700
Processing by SessionsController#new as HTML
  Rendered sessions/new.html.erb within layouts/application (1.8ms)
Completed 200 OK in 73ms (Views: 72.0ms | ActiveRecord: 0.0ms)
